[2015-04-21 13:53:06] local.ERROR: exception 'Symfony\Component\Debug\Exception\FatalErrorException' with message 'Class 'Memcached' not found' in /home/risheebhatt/Sites/gambit/vendor/laravel/framework/src/Illuminate/Cache/MemcachedConnector.php:52
Stack trace:
#0 /home/risheebhatt/Sites/gambit/vendor/compiled.php(1743): Symfony\Component\Debug\Exception\FatalErrorException->__construct()
#1 /home/risheebhatt/Sites/gambit/vendor/compiled.php(1738): Illuminate\Foundation\Bootstrap\HandleExceptions->fatalExceptionFromError()
#2 /home/risheebhatt/Sites/gambit/vendor/compiled.php(0): Illuminate\Foundation\Bootstrap\HandleExceptions->handleShutdown()
#3 /home/risheebhatt/Sites/gambit/vendor/laravel/framework/src/Illuminate/Cache/MemcachedConnector.php(18): Illuminate\Cache\MemcachedConnector->getMemcached()
#4 /home/risheebhatt/Sites/gambit/vendor/laravel/framework/src/Illuminate/Cache/CacheManager.php(157): Illuminate\Cache\MemcachedConnector->connect()
#5 /home/risheebhatt/Sites/gambit/vendor/laravel/framework/src/Illuminate/Cache/CacheManager.php(98): Illuminate\Cache\CacheManager->createMemcachedDriver()
#6 /home/risheebhatt/Sites/gambit/vendor/laravel/framework/src/Illuminate/Cache/CacheManager.php(74): Illuminate\Cache\CacheManager->resolve()
#7 /home/risheebhatt/Sites/gambit/vendor/laravel/framework/src/Illuminate/Cache/CacheManager.php(52): Illuminate\Cache\CacheManager->get()
#8 /home/risheebhatt/Sites/gambit/vendor/laravel/framework/src/Illuminate/Cache/CacheManager.php(63): Illuminate\Cache\CacheManager->store()
#9 /home/risheebhatt/Sites/gambit/vendor/compiled.php(11217): Illuminate\Cache\CacheManager->driver()
#10 /home/risheebhatt/Sites/gambit/vendor/compiled.php(11212): Illuminate\Session\SessionManager->createCacheHandler()
#11 /home/risheebhatt/Sites/gambit/vendor/compiled.php(11198): Illuminate\Session\SessionManager->createCacheBased()
#12 /home/risheebhatt/Sites/gambit/vendor/compiled.php(11268): Illuminate\Session\SessionManager->createMemcachedDriver()
#13 /home/risheebhatt/Sites/gambit/vendor/compiled.php(11258): Illuminate\Support\Manager->createDriver()
#14 /home/risheebhatt/Sites/gambit/vendor/compiled.php(10807): Illuminate\Support\Manager->driver()
#15 /home/risheebhatt/Sites/gambit/vendor/compiled.php(10801): Illuminate\Session\Middleware\StartSession->getSession()
#16 /home/risheebhatt/Sites/gambit/vendor/compiled.php(10782): Illuminate\Session\Middleware\StartSession->startSession()
#17 /home/risheebhatt/Sites/gambit/vendor/compiled.php(8944): Illuminate\Session\Middleware\StartSession->handle()
#18 /home/risheebhatt/Sites/gambit/vendor/compiled.php(11789): Illuminate\Pipeline\Pipeline->Illuminate\Pipeline\{closure}()
#19 /home/risheebhatt/Sites/gambit/vendor/compiled.php(8944): Illuminate\Cookie\Middleware\AddQueuedCookiesToResponse->handle()
#20 /home/risheebhatt/Sites/gambit/vendor/compiled.php(11738): Illuminate\Pipeline\Pipeline->Illuminate\Pipeline\{closure}()
#21 /home/risheebhatt/Sites/gambit/vendor/compiled.php(8944): Illuminate\Cookie\Middleware\EncryptCookies->handle()
#22 /home/risheebhatt/Sites/gambit/vendor/compiled.php(2478): Illuminate\Pipeline\Pipeline->Illuminate\Pipeline\{closure}()
#23 /home/risheebhatt/Sites/gambit/vendor/compiled.php(8944): Illuminate\Foundation\Http\Middleware\CheckForMaintenanceMode->handle()
#24 /home/risheebhatt/Sites/gambit/vendor/compiled.php(8935): Illuminate\Pipeline\Pipeline->Illuminate\Pipeline\{closure}()
#25 /home/risheebhatt/Sites/gambit/vendor/compiled.php(8935): call_user_func:{/home/risheebhatt/Sites/gambit/vendor/compiled.php:8935}()
#26 /home/risheebhatt/Sites/gambit/vendor/compiled.php(1891): Illuminate\Pipeline\Pipeline->then()
#27 /home/risheebhatt/Sites/gambit/vendor/compiled.php(1880): Illuminate\Foundation\Http\Kernel->sendRequestThroughRouter()
#28 /home/risheebhatt/Sites/gambit/public/index.php(53): Illuminate\Foundation\Http\Kernel->handle()
#29 /home/risheebhatt/Sites/gambit/public/index.php(0): {main}()
#30 {main}  
[2015-04-21 13:55:00] local.ERROR: exception 'Symfony\Component\Debug\Exception\FatalErrorException' with message 'Class 'Memcached' not found' in /home/risheebhatt/Sites/gambit/vendor/laravel/framework/src/Illuminate/Cache/MemcachedConnector.php:52
Stack trace:
#0 /home/risheebhatt/Sites/gambit/vendor/compiled.php(1743): Symfony\Component\Debug\Exception\FatalErrorException->__construct()
#1 /home/risheebhatt/Sites/gambit/vendor/compiled.php(1738): Illuminate\Foundation\Bootstrap\HandleExceptions->fatalExceptionFromError()
#2 /home/risheebhatt/Sites/gambit/vendor/compiled.php(0): Illuminate\Foundation\Bootstrap\HandleExceptions->handleShutdown()
#3 /home/risheebhatt/Sites/gambit/vendor/laravel/framework/src/Illuminate/Cache/MemcachedConnector.php(18): Illuminate\Cache\MemcachedConnector->getMemcached()
#4 /home/risheebhatt/Sites/gambit/vendor/laravel/framework/src/Illuminate/Cache/CacheManager.php(157): Illuminate\Cache\MemcachedConnector->connect()
#5 /home/risheebhatt/Sites/gambit/vendor/laravel/framework/src/Illuminate/Cache/CacheManager.php(98): Illuminate\Cache\CacheManager->createMemcachedDriver()
#6 /home/risheebhatt/Sites/gambit/vendor/laravel/framework/src/Illuminate/Cache/CacheManager.php(74): Illuminate\Cache\CacheManager->resolve()
#7 /home/risheebhatt/Sites/gambit/vendor/laravel/framework/src/Illuminate/Cache/CacheManager.php(52): Illuminate\Cache\CacheManager->get()
#8 /home/risheebhatt/Sites/gambit/vendor/laravel/framework/src/Illuminate/Cache/CacheManager.php(63): Illuminate\Cache\CacheManager->store()
#9 /home/risheebhatt/Sites/gambit/vendor/compiled.php(11217): Illuminate\Cache\CacheManager->driver()
#10 /home/risheebhatt/Sites/gambit/vendor/compiled.php(11212): Illuminate\Session\SessionManager->createCacheHandler()
#11 /home/risheebhatt/Sites/gambit/vendor/compiled.php(11198): Illuminate\Session\SessionManager->createCacheBased()
#12 /home/risheebhatt/Sites/gambit/vendor/compiled.php(11268): Illuminate\Session\SessionManager->createMemcachedDriver()
#13 /home/risheebhatt/Sites/gambit/vendor/compiled.php(11258): Illuminate\Support\Manager->createDriver()
#14 /home/risheebhatt/Sites/gambit/vendor/compiled.php(10807): Illuminate\Support\Manager->driver()
#15 /home/risheebhatt/Sites/gambit/vendor/compiled.php(10801): Illuminate\Session\Middleware\StartSession->getSession()
#16 /home/risheebhatt/Sites/gambit/vendor/compiled.php(10782): Illuminate\Session\Middleware\StartSession->startSession()
#17 /home/risheebhatt/Sites/gambit/vendor/compiled.php(8944): Illuminate\Session\Middleware\StartSession->handle()
#18 /home/risheebhatt/Sites/gambit/vendor/compiled.php(11789): Illuminate\Pipeline\Pipeline->Illuminate\Pipeline\{closure}()
#19 /home/risheebhatt/Sites/gambit/vendor/compiled.php(8944): Illuminate\Cookie\Middleware\AddQueuedCookiesToResponse->handle()
#20 /home/risheebhatt/Sites/gambit/vendor/compiled.php(11738): Illuminate\Pipeline\Pipeline->Illuminate\Pipeline\{closure}()
#21 /home/risheebhatt/Sites/gambit/vendor/compiled.php(8944): Illuminate\Cookie\Middleware\EncryptCookies->handle()
#22 /home/risheebhatt/Sites/gambit/vendor/compiled.php(2478): Illuminate\Pipeline\Pipeline->Illuminate\Pipeline\{closure}()
#23 /home/risheebhatt/Sites/gambit/vendor/compiled.php(8944): Illuminate\Foundation\Http\Middleware\CheckForMaintenanceMode->handle()
#24 /home/risheebhatt/Sites/gambit/vendor/compiled.php(8935): Illuminate\Pipeline\Pipeline->Illuminate\Pipeline\{closure}()
#25 /home/risheebhatt/Sites/gambit/vendor/compiled.php(8935): call_user_func:{/home/risheebhatt/Sites/gambit/vendor/compiled.php:8935}()
#26 /home/risheebhatt/Sites/gambit/vendor/compiled.php(1891): Illuminate\Pipeline\Pipeline->then()
#27 /home/risheebhatt/Sites/gambit/vendor/compiled.php(1880): Illuminate\Foundation\Http\Kernel->sendRequestThroughRouter()
#28 /home/risheebhatt/Sites/gambit/public/index.php(53): Illuminate\Foundation\Http\Kernel->handle()
#29 /home/risheebhatt/Sites/gambit/public/index.php(0): {main}()
#30 {main}  
[2015-04-21 13:55:01] local.ERROR: exception 'Symfony\Component\Debug\Exception\FatalErrorException' with message 'Class 'Memcached' not found' in /home/risheebhatt/Sites/gambit/vendor/laravel/framework/src/Illuminate/Cache/MemcachedConnector.php:52
Stack trace:
#0 /home/risheebhatt/Sites/gambit/vendor/compiled.php(1743): Symfony\Component\Debug\Exception\FatalErrorException->__construct()
#1 /home/risheebhatt/Sites/gambit/vendor/compiled.php(1738): Illuminate\Foundation\Bootstrap\HandleExceptions->fatalExceptionFromError()
#2 /home/risheebhatt/Sites/gambit/vendor/compiled.php(0): Illuminate\Foundation\Bootstrap\HandleExceptions->handleShutdown()
#3 /home/risheebhatt/Sites/gambit/vendor/laravel/framework/src/Illuminate/Cache/MemcachedConnector.php(18): Illuminate\Cache\MemcachedConnector->getMemcached()
#4 /home/risheebhatt/Sites/gambit/vendor/laravel/framework/src/Illuminate/Cache/CacheManager.php(157): Illuminate\Cache\MemcachedConnector->connect()
#5 /home/risheebhatt/Sites/gambit/vendor/laravel/framework/src/Illuminate/Cache/CacheManager.php(98): Illuminate\Cache\CacheManager->createMemcachedDriver()
#6 /home/risheebhatt/Sites/gambit/vendor/laravel/framework/src/Illuminate/Cache/CacheManager.php(74): Illuminate\Cache\CacheManager->resolve()
#7 /home/risheebhatt/Sites/gambit/vendor/laravel/framework/src/Illuminate/Cache/CacheManager.php(52): Illuminate\Cache\CacheManager->get()
#8 /home/risheebhatt/Sites/gambit/vendor/laravel/framework/src/Illuminate/Cache/CacheManager.php(63): Illuminate\Cache\CacheManager->store()
#9 /home/risheebhatt/Sites/gambit/vendor/compiled.php(11217): Illuminate\Cache\CacheManager->driver()
#10 /home/risheebhatt/Sites/gambit/vendor/compiled.php(11212): Illuminate\Session\SessionManager->createCacheHandler()
#11 /home/risheebhatt/Sites/gambit/vendor/compiled.php(11198): Illuminate\Session\SessionManager->createCacheBased()
#12 /home/risheebhatt/Sites/gambit/vendor/compiled.php(11268): Illuminate\Session\SessionManager->createMemcachedDriver()
#13 /home/risheebhatt/Sites/gambit/vendor/compiled.php(11258): Illuminate\Support\Manager->createDriver()
#14 /home/risheebhatt/Sites/gambit/vendor/compiled.php(10807): Illuminate\Support\Manager->driver()
#15 /home/risheebhatt/Sites/gambit/vendor/compiled.php(10801): Illuminate\Session\Middleware\StartSession->getSession()
#16 /home/risheebhatt/Sites/gambit/vendor/compiled.php(10782): Illuminate\Session\Middleware\StartSession->startSession()
#17 /home/risheebhatt/Sites/gambit/vendor/compiled.php(8944): Illuminate\Session\Middleware\StartSession->handle()
#18 /home/risheebhatt/Sites/gambit/vendor/compiled.php(11789): Illuminate\Pipeline\Pipeline->Illuminate\Pipeline\{closure}()
#19 /home/risheebhatt/Sites/gambit/vendor/compiled.php(8944): Illuminate\Cookie\Middleware\AddQueuedCookiesToResponse->handle()
#20 /home/risheebhatt/Sites/gambit/vendor/compiled.php(11738): Illuminate\Pipeline\Pipeline->Illuminate\Pipeline\{closure}()
#21 /home/risheebhatt/Sites/gambit/vendor/compiled.php(8944): Illuminate\Cookie\Middleware\EncryptCookies->handle()
#22 /home/risheebhatt/Sites/gambit/vendor/compiled.php(2478): Illuminate\Pipeline\Pipeline->Illuminate\Pipeline\{closure}()
#23 /home/risheebhatt/Sites/gambit/vendor/compiled.php(8944): Illuminate\Foundation\Http\Middleware\CheckForMaintenanceMode->handle()
#24 /home/risheebhatt/Sites/gambit/vendor/compiled.php(8935): Illuminate\Pipeline\Pipeline->Illuminate\Pipeline\{closure}()
#25 /home/risheebhatt/Sites/gambit/vendor/compiled.php(8935): call_user_func:{/home/risheebhatt/Sites/gambit/vendor/compiled.php:8935}()
#26 /home/risheebhatt/Sites/gambit/vendor/compiled.php(1891): Illuminate\Pipeline\Pipeline->then()
#27 /home/risheebhatt/Sites/gambit/vendor/compiled.php(1880): Illuminate\Foundation\Http\Kernel->sendRequestThroughRouter()
#28 /home/risheebhatt/Sites/gambit/public/index.php(53): Illuminate\Foundation\Http\Kernel->handle()
#29 /home/risheebhatt/Sites/gambit/public/index.php(0): {main}()
#30 {main}  
[2015-04-21 13:55:01] local.ERROR: exception 'Symfony\Component\Debug\Exception\FatalErrorException' with message 'Class 'Memcached' not found' in /home/risheebhatt/Sites/gambit/vendor/laravel/framework/src/Illuminate/Cache/MemcachedConnector.php:52
Stack trace:
#0 /home/risheebhatt/Sites/gambit/vendor/compiled.php(1743): Symfony\Component\Debug\Exception\FatalErrorException->__construct()
#1 /home/risheebhatt/Sites/gambit/vendor/compiled.php(1738): Illuminate\Foundation\Bootstrap\HandleExceptions->fatalExceptionFromError()
#2 /home/risheebhatt/Sites/gambit/vendor/compiled.php(0): Illuminate\Foundation\Bootstrap\HandleExceptions->handleShutdown()
#3 /home/risheebhatt/Sites/gambit/vendor/laravel/framework/src/Illuminate/Cache/MemcachedConnector.php(18): Illuminate\Cache\MemcachedConnector->getMemcached()
#4 /home/risheebhatt/Sites/gambit/vendor/laravel/framework/src/Illuminate/Cache/CacheManager.php(157): Illuminate\Cache\MemcachedConnector->connect()
#5 /home/risheebhatt/Sites/gambit/vendor/laravel/framework/src/Illuminate/Cache/CacheManager.php(98): Illuminate\Cache\CacheManager->createMemcachedDriver()
#6 /home/risheebhatt/Sites/gambit/vendor/laravel/framework/src/Illuminate/Cache/CacheManager.php(74): Illuminate\Cache\CacheManager->resolve()
#7 /home/risheebhatt/Sites/gambit/vendor/laravel/framework/src/Illuminate/Cache/CacheManager.php(52): Illuminate\Cache\CacheManager->get()
#8 /home/risheebhatt/Sites/gambit/vendor/laravel/framework/src/Illuminate/Cache/CacheManager.php(63): Illuminate\Cache\CacheManager->store()
#9 /home/risheebhatt/Sites/gambit/vendor/compiled.php(11217): Illuminate\Cache\CacheManager->driver()
#10 /home/risheebhatt/Sites/gambit/vendor/compiled.php(11212): Illuminate\Session\SessionManager->createCacheHandler()
#11 /home/risheebhatt/Sites/gambit/vendor/compiled.php(11198): Illuminate\Session\SessionManager->createCacheBased()
#12 /home/risheebhatt/Sites/gambit/vendor/compiled.php(11268): Illuminate\Session\SessionManager->createMemcachedDriver()
#13 /home/risheebhatt/Sites/gambit/vendor/compiled.php(11258): Illuminate\Support\Manager->createDriver()
#14 /home/risheebhatt/Sites/gambit/vendor/compiled.php(10807): Illuminate\Support\Manager->driver()
#15 /home/risheebhatt/Sites/gambit/vendor/compiled.php(10801): Illuminate\Session\Middleware\StartSession->getSession()
#16 /home/risheebhatt/Sites/gambit/vendor/compiled.php(10782): Illuminate\Session\Middleware\StartSession->startSession()
#17 /home/risheebhatt/Sites/gambit/vendor/compiled.php(8944): Illuminate\Session\Middleware\StartSession->handle()
#18 /home/risheebhatt/Sites/gambit/vendor/compiled.php(11789): Illuminate\Pipeline\Pipeline->Illuminate\Pipeline\{closure}()
#19 /home/risheebhatt/Sites/gambit/vendor/compiled.php(8944): Illuminate\Cookie\Middleware\AddQueuedCookiesToResponse->handle()
#20 /home/risheebhatt/Sites/gambit/vendor/compiled.php(11738): Illuminate\Pipeline\Pipeline->Illuminate\Pipeline\{closure}()
#21 /home/risheebhatt/Sites/gambit/vendor/compiled.php(8944): Illuminate\Cookie\Middleware\EncryptCookies->handle()
#22 /home/risheebhatt/Sites/gambit/vendor/compiled.php(2478): Illuminate\Pipeline\Pipeline->Illuminate\Pipeline\{closure}()
#23 /home/risheebhatt/Sites/gambit/vendor/compiled.php(8944): Illuminate\Foundation\Http\Middleware\CheckForMaintenanceMode->handle()
#24 /home/risheebhatt/Sites/gambit/vendor/compiled.php(8935): Illuminate\Pipeline\Pipeline->Illuminate\Pipeline\{closure}()
#25 /home/risheebhatt/Sites/gambit/vendor/compiled.php(8935): call_user_func:{/home/risheebhatt/Sites/gambit/vendor/compiled.php:8935}()
#26 /home/risheebhatt/Sites/gambit/vendor/compiled.php(1891): Illuminate\Pipeline\Pipeline->then()
#27 /home/risheebhatt/Sites/gambit/vendor/compiled.php(1880): Illuminate\Foundation\Http\Kernel->sendRequestThroughRouter()
#28 /home/risheebhatt/Sites/gambit/public/index.php(53): Illuminate\Foundation\Http\Kernel->handle()
#29 /home/risheebhatt/Sites/gambit/public/index.php(0): {main}()
#30 {main}  
[2015-04-21 13:55:01] local.ERROR: exception 'Symfony\Component\Debug\Exception\FatalErrorException' with message 'Class 'Memcached' not found' in /home/risheebhatt/Sites/gambit/vendor/laravel/framework/src/Illuminate/Cache/MemcachedConnector.php:52
Stack trace:
#0 /home/risheebhatt/Sites/gambit/vendor/compiled.php(1743): Symfony\Component\Debug\Exception\FatalErrorException->__construct()
#1 /home/risheebhatt/Sites/gambit/vendor/compiled.php(1738): Illuminate\Foundation\Bootstrap\HandleExceptions->fatalExceptionFromError()
#2 /home/risheebhatt/Sites/gambit/vendor/compiled.php(0): Illuminate\Foundation\Bootstrap\HandleExceptions->handleShutdown()
#3 /home/risheebhatt/Sites/gambit/vendor/laravel/framework/src/Illuminate/Cache/MemcachedConnector.php(18): Illuminate\Cache\MemcachedConnector->getMemcached()
#4 /home/risheebhatt/Sites/gambit/vendor/laravel/framework/src/Illuminate/Cache/CacheManager.php(157): Illuminate\Cache\MemcachedConnector->connect()
#5 /home/risheebhatt/Sites/gambit/vendor/laravel/framework/src/Illuminate/Cache/CacheManager.php(98): Illuminate\Cache\CacheManager->createMemcachedDriver()
#6 /home/risheebhatt/Sites/gambit/vendor/laravel/framework/src/Illuminate/Cache/CacheManager.php(74): Illuminate\Cache\CacheManager->resolve()
#7 /home/risheebhatt/Sites/gambit/vendor/laravel/framework/src/Illuminate/Cache/CacheManager.php(52): Illuminate\Cache\CacheManager->get()
#8 /home/risheebhatt/Sites/gambit/vendor/laravel/framework/src/Illuminate/Cache/CacheManager.php(63): Illuminate\Cache\CacheManager->store()
#9 /home/risheebhatt/Sites/gambit/vendor/compiled.php(11217): Illuminate\Cache\CacheManager->driver()
#10 /home/risheebhatt/Sites/gambit/vendor/compiled.php(11212): Illuminate\Session\SessionManager->createCacheHandler()
#11 /home/risheebhatt/Sites/gambit/vendor/compiled.php(11198): Illuminate\Session\SessionManager->createCacheBased()
#12 /home/risheebhatt/Sites/gambit/vendor/compiled.php(11268): Illuminate\Session\SessionManager->createMemcachedDriver()
#13 /home/risheebhatt/Sites/gambit/vendor/compiled.php(11258): Illuminate\Support\Manager->createDriver()
#14 /home/risheebhatt/Sites/gambit/vendor/compiled.php(10807): Illuminate\Support\Manager->driver()
#15 /home/risheebhatt/Sites/gambit/vendor/compiled.php(10801): Illuminate\Session\Middleware\StartSession->getSession()
#16 /home/risheebhatt/Sites/gambit/vendor/compiled.php(10782): Illuminate\Session\Middleware\StartSession->startSession()
#17 /home/risheebhatt/Sites/gambit/vendor/compiled.php(8944): Illuminate\Session\Middleware\StartSession->handle()
#18 /home/risheebhatt/Sites/gambit/vendor/compiled.php(11789): Illuminate\Pipeline\Pipeline->Illuminate\Pipeline\{closure}()
#19 /home/risheebhatt/Sites/gambit/vendor/compiled.php(8944): Illuminate\Cookie\Middleware\AddQueuedCookiesToResponse->handle()
#20 /home/risheebhatt/Sites/gambit/vendor/compiled.php(11738): Illuminate\Pipeline\Pipeline->Illuminate\Pipeline\{closure}()
#21 /home/risheebhatt/Sites/gambit/vendor/compiled.php(8944): Illuminate\Cookie\Middleware\EncryptCookies->handle()
#22 /home/risheebhatt/Sites/gambit/vendor/compiled.php(2478): Illuminate\Pipeline\Pipeline->Illuminate\Pipeline\{closure}()
#23 /home/risheebhatt/Sites/gambit/vendor/compiled.php(8944): Illuminate\Foundation\Http\Middleware\CheckForMaintenanceMode->handle()
#24 /home/risheebhatt/Sites/gambit/vendor/compiled.php(8935): Illuminate\Pipeline\Pipeline->Illuminate\Pipeline\{closure}()
#25 /home/risheebhatt/Sites/gambit/vendor/compiled.php(8935): call_user_func:{/home/risheebhatt/Sites/gambit/vendor/compiled.php:8935}()
#26 /home/risheebhatt/Sites/gambit/vendor/compiled.php(1891): Illuminate\Pipeline\Pipeline->then()
#27 /home/risheebhatt/Sites/gambit/vendor/compiled.php(1880): Illuminate\Foundation\Http\Kernel->sendRequestThroughRouter()
#28 /home/risheebhatt/Sites/gambit/public/index.php(53): Illuminate\Foundation\Http\Kernel->handle()
#29 /home/risheebhatt/Sites/gambit/public/index.php(0): {main}()
#30 {main}  
[2015-04-21 13:55:26] local.ERROR: exception 'Symfony\Component\Debug\Exception\FatalErrorException' with message 'Class 'Memcached' not found' in /home/risheebhatt/Sites/gambit/vendor/laravel/framework/src/Illuminate/Cache/MemcachedConnector.php:52
Stack trace:
#0 /home/risheebhatt/Sites/gambit/vendor/compiled.php(1743): Symfony\Component\Debug\Exception\FatalErrorException->__construct()
#1 /home/risheebhatt/Sites/gambit/vendor/compiled.php(1738): Illuminate\Foundation\Bootstrap\HandleExceptions->fatalExceptionFromError()
#2 /home/risheebhatt/Sites/gambit/vendor/compiled.php(0): Illuminate\Foundation\Bootstrap\HandleExceptions->handleShutdown()
#3 /home/risheebhatt/Sites/gambit/vendor/laravel/framework/src/Illuminate/Cache/MemcachedConnector.php(18): Illuminate\Cache\MemcachedConnector->getMemcached()
#4 /home/risheebhatt/Sites/gambit/vendor/laravel/framework/src/Illuminate/Cache/CacheManager.php(157): Illuminate\Cache\MemcachedConnector->connect()
#5 /home/risheebhatt/Sites/gambit/vendor/laravel/framework/src/Illuminate/Cache/CacheManager.php(98): Illuminate\Cache\CacheManager->createMemcachedDriver()
#6 /home/risheebhatt/Sites/gambit/vendor/laravel/framework/src/Illuminate/Cache/CacheManager.php(74): Illuminate\Cache\CacheManager->resolve()
#7 /home/risheebhatt/Sites/gambit/vendor/laravel/framework/src/Illuminate/Cache/CacheManager.php(52): Illuminate\Cache\CacheManager->get()
#8 /home/risheebhatt/Sites/gambit/vendor/laravel/framework/src/Illuminate/Cache/CacheManager.php(63): Illuminate\Cache\CacheManager->store()
#9 /home/risheebhatt/Sites/gambit/vendor/compiled.php(11217): Illuminate\Cache\CacheManager->driver()
#10 /home/risheebhatt/Sites/gambit/vendor/compiled.php(11212): Illuminate\Session\SessionManager->createCacheHandler()
#11 /home/risheebhatt/Sites/gambit/vendor/compiled.php(11198): Illuminate\Session\SessionManager->createCacheBased()
#12 /home/risheebhatt/Sites/gambit/vendor/compiled.php(11268): Illuminate\Session\SessionManager->createMemcachedDriver()
#13 /home/risheebhatt/Sites/gambit/vendor/compiled.php(11258): Illuminate\Support\Manager->createDriver()
#14 /home/risheebhatt/Sites/gambit/vendor/compiled.php(10807): Illuminate\Support\Manager->driver()
#15 /home/risheebhatt/Sites/gambit/vendor/compiled.php(10801): Illuminate\Session\Middleware\StartSession->getSession()
#16 /home/risheebhatt/Sites/gambit/vendor/compiled.php(10782): Illuminate\Session\Middleware\StartSession->startSession()
#17 /home/risheebhatt/Sites/gambit/vendor/compiled.php(8944): Illuminate\Session\Middleware\StartSession->handle()
#18 /home/risheebhatt/Sites/gambit/vendor/compiled.php(11789): Illuminate\Pipeline\Pipeline->Illuminate\Pipeline\{closure}()
#19 /home/risheebhatt/Sites/gambit/vendor/compiled.php(8944): Illuminate\Cookie\Middleware\AddQueuedCookiesToResponse->handle()
#20 /home/risheebhatt/Sites/gambit/vendor/compiled.php(11738): Illuminate\Pipeline\Pipeline->Illuminate\Pipeline\{closure}()
#21 /home/risheebhatt/Sites/gambit/vendor/compiled.php(8944): Illuminate\Cookie\Middleware\EncryptCookies->handle()
#22 /home/risheebhatt/Sites/gambit/vendor/compiled.php(2478): Illuminate\Pipeline\Pipeline->Illuminate\Pipeline\{closure}()
#23 /home/risheebhatt/Sites/gambit/vendor/compiled.php(8944): Illuminate\Foundation\Http\Middleware\CheckForMaintenanceMode->handle()
#24 /home/risheebhatt/Sites/gambit/vendor/compiled.php(8935): Illuminate\Pipeline\Pipeline->Illuminate\Pipeline\{closure}()
#25 /home/risheebhatt/Sites/gambit/vendor/compiled.php(8935): call_user_func:{/home/risheebhatt/Sites/gambit/vendor/compiled.php:8935}()
#26 /home/risheebhatt/Sites/gambit/vendor/compiled.php(1891): Illuminate\Pipeline\Pipeline->then()
#27 /home/risheebhatt/Sites/gambit/vendor/compiled.php(1880): Illuminate\Foundation\Http\Kernel->sendRequestThroughRouter()
#28 /home/risheebhatt/Sites/gambit/public/index.php(53): Illuminate\Foundation\Http\Kernel->handle()
#29 /home/risheebhatt/Sites/gambit/public/index.php(0): {main}()
#30 {main}  
[2015-04-21 13:55:27] local.ERROR: exception 'Symfony\Component\Debug\Exception\FatalErrorException' with message 'Class 'Memcached' not found' in /home/risheebhatt/Sites/gambit/vendor/laravel/framework/src/Illuminate/Cache/MemcachedConnector.php:52
Stack trace:
#0 /home/risheebhatt/Sites/gambit/vendor/compiled.php(1743): Symfony\Component\Debug\Exception\FatalErrorException->__construct()
#1 /home/risheebhatt/Sites/gambit/vendor/compiled.php(1738): Illuminate\Foundation\Bootstrap\HandleExceptions->fatalExceptionFromError()
#2 /home/risheebhatt/Sites/gambit/vendor/compiled.php(0): Illuminate\Foundation\Bootstrap\HandleExceptions->handleShutdown()
#3 /home/risheebhatt/Sites/gambit/vendor/laravel/framework/src/Illuminate/Cache/MemcachedConnector.php(18): Illuminate\Cache\MemcachedConnector->getMemcached()
#4 /home/risheebhatt/Sites/gambit/vendor/laravel/framework/src/Illuminate/Cache/CacheManager.php(157): Illuminate\Cache\MemcachedConnector->connect()
#5 /home/risheebhatt/Sites/gambit/vendor/laravel/framework/src/Illuminate/Cache/CacheManager.php(98): Illuminate\Cache\CacheManager->createMemcachedDriver()
#6 /home/risheebhatt/Sites/gambit/vendor/laravel/framework/src/Illuminate/Cache/CacheManager.php(74): Illuminate\Cache\CacheManager->resolve()
#7 /home/risheebhatt/Sites/gambit/vendor/laravel/framework/src/Illuminate/Cache/CacheManager.php(52): Illuminate\Cache\CacheManager->get()
#8 /home/risheebhatt/Sites/gambit/vendor/laravel/framework/src/Illuminate/Cache/CacheManager.php(63): Illuminate\Cache\CacheManager->store()
#9 /home/risheebhatt/Sites/gambit/vendor/compiled.php(11217): Illuminate\Cache\CacheManager->driver()
#10 /home/risheebhatt/Sites/gambit/vendor/compiled.php(11212): Illuminate\Session\SessionManager->createCacheHandler()
#11 /home/risheebhatt/Sites/gambit/vendor/compiled.php(11198): Illuminate\Session\SessionManager->createCacheBased()
#12 /home/risheebhatt/Sites/gambit/vendor/compiled.php(11268): Illuminate\Session\SessionManager->createMemcachedDriver()
#13 /home/risheebhatt/Sites/gambit/vendor/compiled.php(11258): Illuminate\Support\Manager->createDriver()
#14 /home/risheebhatt/Sites/gambit/vendor/compiled.php(10807): Illuminate\Support\Manager->driver()
#15 /home/risheebhatt/Sites/gambit/vendor/compiled.php(10801): Illuminate\Session\Middleware\StartSession->getSession()
#16 /home/risheebhatt/Sites/gambit/vendor/compiled.php(10782): Illuminate\Session\Middleware\StartSession->startSession()
#17 /home/risheebhatt/Sites/gambit/vendor/compiled.php(8944): Illuminate\Session\Middleware\StartSession->handle()
#18 /home/risheebhatt/Sites/gambit/vendor/compiled.php(11789): Illuminate\Pipeline\Pipeline->Illuminate\Pipeline\{closure}()
#19 /home/risheebhatt/Sites/gambit/vendor/compiled.php(8944): Illuminate\Cookie\Middleware\AddQueuedCookiesToResponse->handle()
#20 /home/risheebhatt/Sites/gambit/vendor/compiled.php(11738): Illuminate\Pipeline\Pipeline->Illuminate\Pipeline\{closure}()
#21 /home/risheebhatt/Sites/gambit/vendor/compiled.php(8944): Illuminate\Cookie\Middleware\EncryptCookies->handle()
#22 /home/risheebhatt/Sites/gambit/vendor/compiled.php(2478): Illuminate\Pipeline\Pipeline->Illuminate\Pipeline\{closure}()
#23 /home/risheebhatt/Sites/gambit/vendor/compiled.php(8944): Illuminate\Foundation\Http\Middleware\CheckForMaintenanceMode->handle()
#24 /home/risheebhatt/Sites/gambit/vendor/compiled.php(8935): Illuminate\Pipeline\Pipeline->Illuminate\Pipeline\{closure}()
#25 /home/risheebhatt/Sites/gambit/vendor/compiled.php(8935): call_user_func:{/home/risheebhatt/Sites/gambit/vendor/compiled.php:8935}()
#26 /home/risheebhatt/Sites/gambit/vendor/compiled.php(1891): Illuminate\Pipeline\Pipeline->then()
#27 /home/risheebhatt/Sites/gambit/vendor/compiled.php(1880): Illuminate\Foundation\Http\Kernel->sendRequestThroughRouter()
#28 /home/risheebhatt/Sites/gambit/public/index.php(53): Illuminate\Foundation\Http\Kernel->handle()
#29 /home/risheebhatt/Sites/gambit/public/index.php(0): {main}()
#30 {main}  
[2015-04-21 13:55:27] local.ERROR: exception 'Symfony\Component\Debug\Exception\FatalErrorException' with message 'Class 'Memcached' not found' in /home/risheebhatt/Sites/gambit/vendor/laravel/framework/src/Illuminate/Cache/MemcachedConnector.php:52
Stack trace:
#0 /home/risheebhatt/Sites/gambit/vendor/compiled.php(1743): Symfony\Component\Debug\Exception\FatalErrorException->__construct()
#1 /home/risheebhatt/Sites/gambit/vendor/compiled.php(1738): Illuminate\Foundation\Bootstrap\HandleExceptions->fatalExceptionFromError()
#2 /home/risheebhatt/Sites/gambit/vendor/compiled.php(0): Illuminate\Foundation\Bootstrap\HandleExceptions->handleShutdown()
#3 /home/risheebhatt/Sites/gambit/vendor/laravel/framework/src/Illuminate/Cache/MemcachedConnector.php(18): Illuminate\Cache\MemcachedConnector->getMemcached()
#4 /home/risheebhatt/Sites/gambit/vendor/laravel/framework/src/Illuminate/Cache/CacheManager.php(157): Illuminate\Cache\MemcachedConnector->connect()
#5 /home/risheebhatt/Sites/gambit/vendor/laravel/framework/src/Illuminate/Cache/CacheManager.php(98): Illuminate\Cache\CacheManager->createMemcachedDriver()
#6 /home/risheebhatt/Sites/gambit/vendor/laravel/framework/src/Illuminate/Cache/CacheManager.php(74): Illuminate\Cache\CacheManager->resolve()
#7 /home/risheebhatt/Sites/gambit/vendor/laravel/framework/src/Illuminate/Cache/CacheManager.php(52): Illuminate\Cache\CacheManager->get()
#8 /home/risheebhatt/Sites/gambit/vendor/laravel/framework/src/Illuminate/Cache/CacheManager.php(63): Illuminate\Cache\CacheManager->store()
#9 /home/risheebhatt/Sites/gambit/vendor/compiled.php(11217): Illuminate\Cache\CacheManager->driver()
#10 /home/risheebhatt/Sites/gambit/vendor/compiled.php(11212): Illuminate\Session\SessionManager->createCacheHandler()
#11 /home/risheebhatt/Sites/gambit/vendor/compiled.php(11198): Illuminate\Session\SessionManager->createCacheBased()
#12 /home/risheebhatt/Sites/gambit/vendor/compiled.php(11268): Illuminate\Session\SessionManager->createMemcachedDriver()
#13 /home/risheebhatt/Sites/gambit/vendor/compiled.php(11258): Illuminate\Support\Manager->createDriver()
#14 /home/risheebhatt/Sites/gambit/vendor/compiled.php(10807): Illuminate\Support\Manager->driver()
#15 /home/risheebhatt/Sites/gambit/vendor/compiled.php(10801): Illuminate\Session\Middleware\StartSession->getSession()
#16 /home/risheebhatt/Sites/gambit/vendor/compiled.php(10782): Illuminate\Session\Middleware\StartSession->startSession()
#17 /home/risheebhatt/Sites/gambit/vendor/compiled.php(8944): Illuminate\Session\Middleware\StartSession->handle()
#18 /home/risheebhatt/Sites/gambit/vendor/compiled.php(11789): Illuminate\Pipeline\Pipeline->Illuminate\Pipeline\{closure}()
#19 /home/risheebhatt/Sites/gambit/vendor/compiled.php(8944): Illuminate\Cookie\Middleware\AddQueuedCookiesToResponse->handle()
#20 /home/risheebhatt/Sites/gambit/vendor/compiled.php(11738): Illuminate\Pipeline\Pipeline->Illuminate\Pipeline\{closure}()
#21 /home/risheebhatt/Sites/gambit/vendor/compiled.php(8944): Illuminate\Cookie\Middleware\EncryptCookies->handle()
#22 /home/risheebhatt/Sites/gambit/vendor/compiled.php(2478): Illuminate\Pipeline\Pipeline->Illuminate\Pipeline\{closure}()
#23 /home/risheebhatt/Sites/gambit/vendor/compiled.php(8944): Illuminate\Foundation\Http\Middleware\CheckForMaintenanceMode->handle()
#24 /home/risheebhatt/Sites/gambit/vendor/compiled.php(8935): Illuminate\Pipeline\Pipeline->Illuminate\Pipeline\{closure}()
#25 /home/risheebhatt/Sites/gambit/vendor/compiled.php(8935): call_user_func:{/home/risheebhatt/Sites/gambit/vendor/compiled.php:8935}()
#26 /home/risheebhatt/Sites/gambit/vendor/compiled.php(1891): Illuminate\Pipeline\Pipeline->then()
#27 /home/risheebhatt/Sites/gambit/vendor/compiled.php(1880): Illuminate\Foundation\Http\Kernel->sendRequestThroughRouter()
#28 /home/risheebhatt/Sites/gambit/public/index.php(53): Illuminate\Foundation\Http\Kernel->handle()
#29 /home/risheebhatt/Sites/gambit/public/index.php(0): {main}()
#30 {main}  
[2015-04-21 13:55:27] local.ERROR: exception 'Symfony\Component\Debug\Exception\FatalErrorException' with message 'Class 'Memcached' not found' in /home/risheebhatt/Sites/gambit/vendor/laravel/framework/src/Illuminate/Cache/MemcachedConnector.php:52
Stack trace:
#0 /home/risheebhatt/Sites/gambit/vendor/compiled.php(1743): Symfony\Component\Debug\Exception\FatalErrorException->__construct()
#1 /home/risheebhatt/Sites/gambit/vendor/compiled.php(1738): Illuminate\Foundation\Bootstrap\HandleExceptions->fatalExceptionFromError()
#2 /home/risheebhatt/Sites/gambit/vendor/compiled.php(0): Illuminate\Foundation\Bootstrap\HandleExceptions->handleShutdown()
#3 /home/risheebhatt/Sites/gambit/vendor/laravel/framework/src/Illuminate/Cache/MemcachedConnector.php(18): Illuminate\Cache\MemcachedConnector->getMemcached()
#4 /home/risheebhatt/Sites/gambit/vendor/laravel/framework/src/Illuminate/Cache/CacheManager.php(157): Illuminate\Cache\MemcachedConnector->connect()
#5 /home/risheebhatt/Sites/gambit/vendor/laravel/framework/src/Illuminate/Cache/CacheManager.php(98): Illuminate\Cache\CacheManager->createMemcachedDriver()
#6 /home/risheebhatt/Sites/gambit/vendor/laravel/framework/src/Illuminate/Cache/CacheManager.php(74): Illuminate\Cache\CacheManager->resolve()
#7 /home/risheebhatt/Sites/gambit/vendor/laravel/framework/src/Illuminate/Cache/CacheManager.php(52): Illuminate\Cache\CacheManager->get()
#8 /home/risheebhatt/Sites/gambit/vendor/laravel/framework/src/Illuminate/Cache/CacheManager.php(63): Illuminate\Cache\CacheManager->store()
#9 /home/risheebhatt/Sites/gambit/vendor/compiled.php(11217): Illuminate\Cache\CacheManager->driver()
#10 /home/risheebhatt/Sites/gambit/vendor/compiled.php(11212): Illuminate\Session\SessionManager->createCacheHandler()
#11 /home/risheebhatt/Sites/gambit/vendor/compiled.php(11198): Illuminate\Session\SessionManager->createCacheBased()
#12 /home/risheebhatt/Sites/gambit/vendor/compiled.php(11268): Illuminate\Session\SessionManager->createMemcachedDriver()
#13 /home/risheebhatt/Sites/gambit/vendor/compiled.php(11258): Illuminate\Support\Manager->createDriver()
#14 /home/risheebhatt/Sites/gambit/vendor/compiled.php(10807): Illuminate\Support\Manager->driver()
#15 /home/risheebhatt/Sites/gambit/vendor/compiled.php(10801): Illuminate\Session\Middleware\StartSession->getSession()
#16 /home/risheebhatt/Sites/gambit/vendor/compiled.php(10782): Illuminate\Session\Middleware\StartSession->startSession()
#17 /home/risheebhatt/Sites/gambit/vendor/compiled.php(8944): Illuminate\Session\Middleware\StartSession->handle()
#18 /home/risheebhatt/Sites/gambit/vendor/compiled.php(11789): Illuminate\Pipeline\Pipeline->Illuminate\Pipeline\{closure}()
#19 /home/risheebhatt/Sites/gambit/vendor/compiled.php(8944): Illuminate\Cookie\Middleware\AddQueuedCookiesToResponse->handle()
#20 /home/risheebhatt/Sites/gambit/vendor/compiled.php(11738): Illuminate\Pipeline\Pipeline->Illuminate\Pipeline\{closure}()
#21 /home/risheebhatt/Sites/gambit/vendor/compiled.php(8944): Illuminate\Cookie\Middleware\EncryptCookies->handle()
#22 /home/risheebhatt/Sites/gambit/vendor/compiled.php(2478): Illuminate\Pipeline\Pipeline->Illuminate\Pipeline\{closure}()
#23 /home/risheebhatt/Sites/gambit/vendor/compiled.php(8944): Illuminate\Foundation\Http\Middleware\CheckForMaintenanceMode->handle()
#24 /home/risheebhatt/Sites/gambit/vendor/compiled.php(8935): Illuminate\Pipeline\Pipeline->Illuminate\Pipeline\{closure}()
#25 /home/risheebhatt/Sites/gambit/vendor/compiled.php(8935): call_user_func:{/home/risheebhatt/Sites/gambit/vendor/compiled.php:8935}()
#26 /home/risheebhatt/Sites/gambit/vendor/compiled.php(1891): Illuminate\Pipeline\Pipeline->then()
#27 /home/risheebhatt/Sites/gambit/vendor/compiled.php(1880): Illuminate\Foundation\Http\Kernel->sendRequestThroughRouter()
#28 /home/risheebhatt/Sites/gambit/public/index.php(53): Illuminate\Foundation\Http\Kernel->handle()
#29 /home/risheebhatt/Sites/gambit/public/index.php(0): {main}()
#30 {main}  
[2015-04-21 13:55:27] local.ERROR: exception 'Symfony\Component\Debug\Exception\FatalErrorException' with message 'Class 'Memcached' not found' in /home/risheebhatt/Sites/gambit/vendor/laravel/framework/src/Illuminate/Cache/MemcachedConnector.php:52
Stack trace:
#0 /home/risheebhatt/Sites/gambit/vendor/compiled.php(1743): Symfony\Component\Debug\Exception\FatalErrorException->__construct()
#1 /home/risheebhatt/Sites/gambit/vendor/compiled.php(1738): Illuminate\Foundation\Bootstrap\HandleExceptions->fatalExceptionFromError()
#2 /home/risheebhatt/Sites/gambit/vendor/compiled.php(0): Illuminate\Foundation\Bootstrap\HandleExceptions->handleShutdown()
#3 /home/risheebhatt/Sites/gambit/vendor/laravel/framework/src/Illuminate/Cache/MemcachedConnector.php(18): Illuminate\Cache\MemcachedConnector->getMemcached()
#4 /home/risheebhatt/Sites/gambit/vendor/laravel/framework/src/Illuminate/Cache/CacheManager.php(157): Illuminate\Cache\MemcachedConnector->connect()
#5 /home/risheebhatt/Sites/gambit/vendor/laravel/framework/src/Illuminate/Cache/CacheManager.php(98): Illuminate\Cache\CacheManager->createMemcachedDriver()
#6 /home/risheebhatt/Sites/gambit/vendor/laravel/framework/src/Illuminate/Cache/CacheManager.php(74): Illuminate\Cache\CacheManager->resolve()
#7 /home/risheebhatt/Sites/gambit/vendor/laravel/framework/src/Illuminate/Cache/CacheManager.php(52): Illuminate\Cache\CacheManager->get()
#8 /home/risheebhatt/Sites/gambit/vendor/laravel/framework/src/Illuminate/Cache/CacheManager.php(63): Illuminate\Cache\CacheManager->store()
#9 /home/risheebhatt/Sites/gambit/vendor/compiled.php(11217): Illuminate\Cache\CacheManager->driver()
#10 /home/risheebhatt/Sites/gambit/vendor/compiled.php(11212): Illuminate\Session\SessionManager->createCacheHandler()
#11 /home/risheebhatt/Sites/gambit/vendor/compiled.php(11198): Illuminate\Session\SessionManager->createCacheBased()
#12 /home/risheebhatt/Sites/gambit/vendor/compiled.php(11268): Illuminate\Session\SessionManager->createMemcachedDriver()
#13 /home/risheebhatt/Sites/gambit/vendor/compiled.php(11258): Illuminate\Support\Manager->createDriver()
#14 /home/risheebhatt/Sites/gambit/vendor/compiled.php(10807): Illuminate\Support\Manager->driver()
#15 /home/risheebhatt/Sites/gambit/vendor/compiled.php(10801): Illuminate\Session\Middleware\StartSession->getSession()
#16 /home/risheebhatt/Sites/gambit/vendor/compiled.php(10782): Illuminate\Session\Middleware\StartSession->startSession()
#17 /home/risheebhatt/Sites/gambit/vendor/compiled.php(8944): Illuminate\Session\Middleware\StartSession->handle()
#18 /home/risheebhatt/Sites/gambit/vendor/compiled.php(11789): Illuminate\Pipeline\Pipeline->Illuminate\Pipeline\{closure}()
#19 /home/risheebhatt/Sites/gambit/vendor/compiled.php(8944): Illuminate\Cookie\Middleware\AddQueuedCookiesToResponse->handle()
#20 /home/risheebhatt/Sites/gambit/vendor/compiled.php(11738): Illuminate\Pipeline\Pipeline->Illuminate\Pipeline\{closure}()
#21 /home/risheebhatt/Sites/gambit/vendor/compiled.php(8944): Illuminate\Cookie\Middleware\EncryptCookies->handle()
#22 /home/risheebhatt/Sites/gambit/vendor/compiled.php(2478): Illuminate\Pipeline\Pipeline->Illuminate\Pipeline\{closure}()
#23 /home/risheebhatt/Sites/gambit/vendor/compiled.php(8944): Illuminate\Foundation\Http\Middleware\CheckForMaintenanceMode->handle()
#24 /home/risheebhatt/Sites/gambit/vendor/compiled.php(8935): Illuminate\Pipeline\Pipeline->Illuminate\Pipeline\{closure}()
#25 /home/risheebhatt/Sites/gambit/vendor/compiled.php(8935): call_user_func:{/home/risheebhatt/Sites/gambit/vendor/compiled.php:8935}()
#26 /home/risheebhatt/Sites/gambit/vendor/compiled.php(1891): Illuminate\Pipeline\Pipeline->then()
#27 /home/risheebhatt/Sites/gambit/vendor/compiled.php(1880): Illuminate\Foundation\Http\Kernel->sendRequestThroughRouter()
#28 /home/risheebhatt/Sites/gambit/public/index.php(53): Illuminate\Foundation\Http\Kernel->handle()
#29 /home/risheebhatt/Sites/gambit/public/index.php(0): {main}()
#30 {main}  
[2015-04-21 13:55:28] local.ERROR: exception 'Symfony\Component\Debug\Exception\FatalErrorException' with message 'Class 'Memcached' not found' in /home/risheebhatt/Sites/gambit/vendor/laravel/framework/src/Illuminate/Cache/MemcachedConnector.php:52
Stack trace:
#0 /home/risheebhatt/Sites/gambit/vendor/compiled.php(1743): Symfony\Component\Debug\Exception\FatalErrorException->__construct()
#1 /home/risheebhatt/Sites/gambit/vendor/compiled.php(1738): Illuminate\Foundation\Bootstrap\HandleExceptions->fatalExceptionFromError()
#2 /home/risheebhatt/Sites/gambit/vendor/compiled.php(0): Illuminate\Foundation\Bootstrap\HandleExceptions->handleShutdown()
#3 /home/risheebhatt/Sites/gambit/vendor/laravel/framework/src/Illuminate/Cache/MemcachedConnector.php(18): Illuminate\Cache\MemcachedConnector->getMemcached()
#4 /home/risheebhatt/Sites/gambit/vendor/laravel/framework/src/Illuminate/Cache/CacheManager.php(157): Illuminate\Cache\MemcachedConnector->connect()
#5 /home/risheebhatt/Sites/gambit/vendor/laravel/framework/src/Illuminate/Cache/CacheManager.php(98): Illuminate\Cache\CacheManager->createMemcachedDriver()
#6 /home/risheebhatt/Sites/gambit/vendor/laravel/framework/src/Illuminate/Cache/CacheManager.php(74): Illuminate\Cache\CacheManager->resolve()
#7 /home/risheebhatt/Sites/gambit/vendor/laravel/framework/src/Illuminate/Cache/CacheManager.php(52): Illuminate\Cache\CacheManager->get()
#8 /home/risheebhatt/Sites/gambit/vendor/laravel/framework/src/Illuminate/Cache/CacheManager.php(63): Illuminate\Cache\CacheManager->store()
#9 /home/risheebhatt/Sites/gambit/vendor/compiled.php(11217): Illuminate\Cache\CacheManager->driver()
#10 /home/risheebhatt/Sites/gambit/vendor/compiled.php(11212): Illuminate\Session\SessionManager->createCacheHandler()
#11 /home/risheebhatt/Sites/gambit/vendor/compiled.php(11198): Illuminate\Session\SessionManager->createCacheBased()
#12 /home/risheebhatt/Sites/gambit/vendor/compiled.php(11268): Illuminate\Session\SessionManager->createMemcachedDriver()
#13 /home/risheebhatt/Sites/gambit/vendor/compiled.php(11258): Illuminate\Support\Manager->createDriver()
#14 /home/risheebhatt/Sites/gambit/vendor/compiled.php(10807): Illuminate\Support\Manager->driver()
#15 /home/risheebhatt/Sites/gambit/vendor/compiled.php(10801): Illuminate\Session\Middleware\StartSession->getSession()
#16 /home/risheebhatt/Sites/gambit/vendor/compiled.php(10782): Illuminate\Session\Middleware\StartSession->startSession()
#17 /home/risheebhatt/Sites/gambit/vendor/compiled.php(8944): Illuminate\Session\Middleware\StartSession->handle()
#18 /home/risheebhatt/Sites/gambit/vendor/compiled.php(11789): Illuminate\Pipeline\Pipeline->Illuminate\Pipeline\{closure}()
#19 /home/risheebhatt/Sites/gambit/vendor/compiled.php(8944): Illuminate\Cookie\Middleware\AddQueuedCookiesToResponse->handle()
#20 /home/risheebhatt/Sites/gambit/vendor/compiled.php(11738): Illuminate\Pipeline\Pipeline->Illuminate\Pipeline\{closure}()
#21 /home/risheebhatt/Sites/gambit/vendor/compiled.php(8944): Illuminate\Cookie\Middleware\EncryptCookies->handle()
#22 /home/risheebhatt/Sites/gambit/vendor/compiled.php(2478): Illuminate\Pipeline\Pipeline->Illuminate\Pipeline\{closure}()
#23 /home/risheebhatt/Sites/gambit/vendor/compiled.php(8944): Illuminate\Foundation\Http\Middleware\CheckForMaintenanceMode->handle()
#24 /home/risheebhatt/Sites/gambit/vendor/compiled.php(8935): Illuminate\Pipeline\Pipeline->Illuminate\Pipeline\{closure}()
#25 /home/risheebhatt/Sites/gambit/vendor/compiled.php(8935): call_user_func:{/home/risheebhatt/Sites/gambit/vendor/compiled.php:8935}()
#26 /home/risheebhatt/Sites/gambit/vendor/compiled.php(1891): Illuminate\Pipeline\Pipeline->then()
#27 /home/risheebhatt/Sites/gambit/vendor/compiled.php(1880): Illuminate\Foundation\Http\Kernel->sendRequestThroughRouter()
#28 /home/risheebhatt/Sites/gambit/public/index.php(53): Illuminate\Foundation\Http\Kernel->handle()
#29 /home/risheebhatt/Sites/gambit/public/index.php(0): {main}()
#30 {main}  
[2015-04-21 13:55:28] local.ERROR: exception 'Symfony\Component\Debug\Exception\FatalErrorException' with message 'Class 'Memcached' not found' in /home/risheebhatt/Sites/gambit/vendor/laravel/framework/src/Illuminate/Cache/MemcachedConnector.php:52
Stack trace:
#0 /home/risheebhatt/Sites/gambit/vendor/compiled.php(1743): Symfony\Component\Debug\Exception\FatalErrorException->__construct()
#1 /home/risheebhatt/Sites/gambit/vendor/compiled.php(1738): Illuminate\Foundation\Bootstrap\HandleExceptions->fatalExceptionFromError()
#2 /home/risheebhatt/Sites/gambit/vendor/compiled.php(0): Illuminate\Foundation\Bootstrap\HandleExceptions->handleShutdown()
#3 /home/risheebhatt/Sites/gambit/vendor/laravel/framework/src/Illuminate/Cache/MemcachedConnector.php(18): Illuminate\Cache\MemcachedConnector->getMemcached()
#4 /home/risheebhatt/Sites/gambit/vendor/laravel/framework/src/Illuminate/Cache/CacheManager.php(157): Illuminate\Cache\MemcachedConnector->connect()
#5 /home/risheebhatt/Sites/gambit/vendor/laravel/framework/src/Illuminate/Cache/CacheManager.php(98): Illuminate\Cache\CacheManager->createMemcachedDriver()
#6 /home/risheebhatt/Sites/gambit/vendor/laravel/framework/src/Illuminate/Cache/CacheManager.php(74): Illuminate\Cache\CacheManager->resolve()
#7 /home/risheebhatt/Sites/gambit/vendor/laravel/framework/src/Illuminate/Cache/CacheManager.php(52): Illuminate\Cache\CacheManager->get()
#8 /home/risheebhatt/Sites/gambit/vendor/laravel/framework/src/Illuminate/Cache/CacheManager.php(63): Illuminate\Cache\CacheManager->store()
#9 /home/risheebhatt/Sites/gambit/vendor/compiled.php(11217): Illuminate\Cache\CacheManager->driver()
#10 /home/risheebhatt/Sites/gambit/vendor/compiled.php(11212): Illuminate\Session\SessionManager->createCacheHandler()
#11 /home/risheebhatt/Sites/gambit/vendor/compiled.php(11198): Illuminate\Session\SessionManager->createCacheBased()
#12 /home/risheebhatt/Sites/gambit/vendor/compiled.php(11268): Illuminate\Session\SessionManager->createMemcachedDriver()
#13 /home/risheebhatt/Sites/gambit/vendor/compiled.php(11258): Illuminate\Support\Manager->createDriver()
#14 /home/risheebhatt/Sites/gambit/vendor/compiled.php(10807): Illuminate\Support\Manager->driver()
#15 /home/risheebhatt/Sites/gambit/vendor/compiled.php(10801): Illuminate\Session\Middleware\StartSession->getSession()
#16 /home/risheebhatt/Sites/gambit/vendor/compiled.php(10782): Illuminate\Session\Middleware\StartSession->startSession()
#17 /home/risheebhatt/Sites/gambit/vendor/compiled.php(8944): Illuminate\Session\Middleware\StartSession->handle()
#18 /home/risheebhatt/Sites/gambit/vendor/compiled.php(11789): Illuminate\Pipeline\Pipeline->Illuminate\Pipeline\{closure}()
#19 /home/risheebhatt/Sites/gambit/vendor/compiled.php(8944): Illuminate\Cookie\Middleware\AddQueuedCookiesToResponse->handle()
#20 /home/risheebhatt/Sites/gambit/vendor/compiled.php(11738): Illuminate\Pipeline\Pipeline->Illuminate\Pipeline\{closure}()
#21 /home/risheebhatt/Sites/gambit/vendor/compiled.php(8944): Illuminate\Cookie\Middleware\EncryptCookies->handle()
#22 /home/risheebhatt/Sites/gambit/vendor/compiled.php(2478): Illuminate\Pipeline\Pipeline->Illuminate\Pipeline\{closure}()
#23 /home/risheebhatt/Sites/gambit/vendor/compiled.php(8944): Illuminate\Foundation\Http\Middleware\CheckForMaintenanceMode->handle()
#24 /home/risheebhatt/Sites/gambit/vendor/compiled.php(8935): Illuminate\Pipeline\Pipeline->Illuminate\Pipeline\{closure}()
#25 /home/risheebhatt/Sites/gambit/vendor/compiled.php(8935): call_user_func:{/home/risheebhatt/Sites/gambit/vendor/compiled.php:8935}()
#26 /home/risheebhatt/Sites/gambit/vendor/compiled.php(1891): Illuminate\Pipeline\Pipeline->then()
#27 /home/risheebhatt/Sites/gambit/vendor/compiled.php(1880): Illuminate\Foundation\Http\Kernel->sendRequestThroughRouter()
#28 /home/risheebhatt/Sites/gambit/public/index.php(53): Illuminate\Foundation\Http\Kernel->handle()
#29 /home/risheebhatt/Sites/gambit/public/index.php(0): {main}()
#30 {main}  
[2015-04-21 13:57:25] local.ERROR: exception 'Symfony\Component\Debug\Exception\FatalErrorException' with message 'Class 'Memcached' not found' in /home/risheebhatt/Sites/gambit/vendor/laravel/framework/src/Illuminate/Cache/MemcachedConnector.php:52
Stack trace:
#0 /home/risheebhatt/Sites/gambit/vendor/compiled.php(1743): Symfony\Component\Debug\Exception\FatalErrorException->__construct()
#1 /home/risheebhatt/Sites/gambit/vendor/compiled.php(1738): Illuminate\Foundation\Bootstrap\HandleExceptions->fatalExceptionFromError()
#2 /home/risheebhatt/Sites/gambit/vendor/compiled.php(0): Illuminate\Foundation\Bootstrap\HandleExceptions->handleShutdown()
#3 /home/risheebhatt/Sites/gambit/vendor/laravel/framework/src/Illuminate/Cache/MemcachedConnector.php(18): Illuminate\Cache\MemcachedConnector->getMemcached()
#4 /home/risheebhatt/Sites/gambit/vendor/laravel/framework/src/Illuminate/Cache/CacheManager.php(157): Illuminate\Cache\MemcachedConnector->connect()
#5 /home/risheebhatt/Sites/gambit/vendor/laravel/framework/src/Illuminate/Cache/CacheManager.php(98): Illuminate\Cache\CacheManager->createMemcachedDriver()
#6 /home/risheebhatt/Sites/gambit/vendor/laravel/framework/src/Illuminate/Cache/CacheManager.php(74): Illuminate\Cache\CacheManager->resolve()
#7 /home/risheebhatt/Sites/gambit/vendor/laravel/framework/src/Illuminate/Cache/CacheManager.php(52): Illuminate\Cache\CacheManager->get()
#8 /home/risheebhatt/Sites/gambit/vendor/laravel/framework/src/Illuminate/Cache/CacheManager.php(63): Illuminate\Cache\CacheManager->store()
#9 /home/risheebhatt/Sites/gambit/vendor/compiled.php(11217): Illuminate\Cache\CacheManager->driver()
#10 /home/risheebhatt/Sites/gambit/vendor/compiled.php(11212): Illuminate\Session\SessionManager->createCacheHandler()
#11 /home/risheebhatt/Sites/gambit/vendor/compiled.php(11198): Illuminate\Session\SessionManager->createCacheBased()
#12 /home/risheebhatt/Sites/gambit/vendor/compiled.php(11268): Illuminate\Session\SessionManager->createMemcachedDriver()
#13 /home/risheebhatt/Sites/gambit/vendor/compiled.php(11258): Illuminate\Support\Manager->createDriver()
#14 /home/risheebhatt/Sites/gambit/vendor/compiled.php(10807): Illuminate\Support\Manager->driver()
#15 /home/risheebhatt/Sites/gambit/vendor/compiled.php(10801): Illuminate\Session\Middleware\StartSession->getSession()
#16 /home/risheebhatt/Sites/gambit/vendor/compiled.php(10782): Illuminate\Session\Middleware\StartSession->startSession()
#17 /home/risheebhatt/Sites/gambit/vendor/compiled.php(8944): Illuminate\Session\Middleware\StartSession->handle()
#18 /home/risheebhatt/Sites/gambit/vendor/compiled.php(11789): Illuminate\Pipeline\Pipeline->Illuminate\Pipeline\{closure}()
#19 /home/risheebhatt/Sites/gambit/vendor/compiled.php(8944): Illuminate\Cookie\Middleware\AddQueuedCookiesToResponse->handle()
#20 /home/risheebhatt/Sites/gambit/vendor/compiled.php(11738): Illuminate\Pipeline\Pipeline->Illuminate\Pipeline\{closure}()
#21 /home/risheebhatt/Sites/gambit/vendor/compiled.php(8944): Illuminate\Cookie\Middleware\EncryptCookies->handle()
#22 /home/risheebhatt/Sites/gambit/vendor/compiled.php(2478): Illuminate\Pipeline\Pipeline->Illuminate\Pipeline\{closure}()
#23 /home/risheebhatt/Sites/gambit/vendor/compiled.php(8944): Illuminate\Foundation\Http\Middleware\CheckForMaintenanceMode->handle()
#24 /home/risheebhatt/Sites/gambit/vendor/compiled.php(8935): Illuminate\Pipeline\Pipeline->Illuminate\Pipeline\{closure}()
#25 /home/risheebhatt/Sites/gambit/vendor/compiled.php(8935): call_user_func:{/home/risheebhatt/Sites/gambit/vendor/compiled.php:8935}()
#26 /home/risheebhatt/Sites/gambit/vendor/compiled.php(1891): Illuminate\Pipeline\Pipeline->then()
#27 /home/risheebhatt/Sites/gambit/vendor/compiled.php(1880): Illuminate\Foundation\Http\Kernel->sendRequestThroughRouter()
#28 /home/risheebhatt/Sites/gambit/public/index.php(53): Illuminate\Foundation\Http\Kernel->handle()
#29 /home/risheebhatt/Sites/gambit/public/index.php(0): {main}()
#30 {main}  
[2015-04-21 13:58:58] local.ERROR: exception 'Symfony\Component\Debug\Exception\FatalErrorException' with message 'Call to undefined method Illuminate\Foundation\Application::getCachedCompilePath()' in /home/risheebhatt/Sites/gambit/vendor/laravel/framework/src/Illuminate/Foundation/Console/ClearCompiledCommand.php:28
Stack trace:
#0 /home/risheebhatt/Sites/gambit/vendor/compiled.php(1743): Symfony\Component\Debug\Exception\FatalErrorException->__construct()
#1 /home/risheebhatt/Sites/gambit/vendor/compiled.php(1738): Illuminate\Foundation\Bootstrap\HandleExceptions->fatalExceptionFromError()
#2 /home/risheebhatt/Sites/gambit/vendor/compiled.php(0): Illuminate\Foundation\Bootstrap\HandleExceptions->handleShutdown()
#3 /home/risheebhatt/Sites/gambit/vendor/compiled.php(925): Illuminate\Foundation\Console\ClearCompiledCommand->fire()
#4 /home/risheebhatt/Sites/gambit/vendor/compiled.php(925): call_user_func_array:{/home/risheebhatt/Sites/gambit/vendor/compiled.php:925}()
#5 /home/risheebhatt/Sites/gambit/vendor/laravel/framework/src/Illuminate/Console/Command.php(115): Illuminate\Container\Container->call()
#6 /home/risheebhatt/Sites/gambit/vendor/symfony/console/Symfony/Component/Console/Command/Command.php(257): Illuminate\Console\Command->execute()
#7 /home/risheebhatt/Sites/gambit/vendor/laravel/framework/src/Illuminate/Console/Command.php(101): Symfony\Component\Console\Command\Command->run()
#8 /home/risheebhatt/Sites/gambit/vendor/symfony/console/Symfony/Component/Console/Application.php(874): Illuminate\Console\Command->run()
#9 /home/risheebhatt/Sites/gambit/vendor/symfony/console/Symfony/Component/Console/Application.php(195): Symfony\Component\Console\Application->doRunCommand()
#10 /home/risheebhatt/Sites/gambit/vendor/symfony/console/Symfony/Component/Console/Application.php(126): Symfony\Component\Console\Application->doRun()
#11 /home/risheebhatt/Sites/gambit/vendor/laravel/framework/src/Illuminate/Foundation/Console/Kernel.php(94): Symfony\Component\Console\Application->run()
#12 /home/risheebhatt/Sites/gambit/artisan(36): Illuminate\Foundation\Console\Kernel->handle()
#13 /home/risheebhatt/Sites/gambit/artisan(0): {main}()
#14 {main}  
[2015-04-21 13:59:27] local.ERROR: exception 'Symfony\Component\Debug\Exception\FatalErrorException' with message 'Call to undefined method Illuminate\Foundation\Application::getCachedCompilePath()' in /home/risheebhatt/Sites/gambit/vendor/laravel/framework/src/Illuminate/Foundation/Console/ClearCompiledCommand.php:28
Stack trace:
#0 /home/risheebhatt/Sites/gambit/vendor/compiled.php(1743): Symfony\Component\Debug\Exception\FatalErrorException->__construct()
#1 /home/risheebhatt/Sites/gambit/vendor/compiled.php(1738): Illuminate\Foundation\Bootstrap\HandleExceptions->fatalExceptionFromError()
#2 /home/risheebhatt/Sites/gambit/vendor/compiled.php(0): Illuminate\Foundation\Bootstrap\HandleExceptions->handleShutdown()
#3 /home/risheebhatt/Sites/gambit/vendor/compiled.php(925): Illuminate\Foundation\Console\ClearCompiledCommand->fire()
#4 /home/risheebhatt/Sites/gambit/vendor/compiled.php(925): call_user_func_array:{/home/risheebhatt/Sites/gambit/vendor/compiled.php:925}()
#5 /home/risheebhatt/Sites/gambit/vendor/laravel/framework/src/Illuminate/Console/Command.php(115): Illuminate\Container\Container->call()
#6 /home/risheebhatt/Sites/gambit/vendor/symfony/console/Symfony/Component/Console/Command/Command.php(257): Illuminate\Console\Command->execute()
#7 /home/risheebhatt/Sites/gambit/vendor/laravel/framework/src/Illuminate/Console/Command.php(101): Symfony\Component\Console\Command\Command->run()
#8 /home/risheebhatt/Sites/gambit/vendor/symfony/console/Symfony/Component/Console/Application.php(874): Illuminate\Console\Command->run()
#9 /home/risheebhatt/Sites/gambit/vendor/symfony/console/Symfony/Component/Console/Application.php(195): Symfony\Component\Console\Application->doRunCommand()
#10 /home/risheebhatt/Sites/gambit/vendor/symfony/console/Symfony/Component/Console/Application.php(126): Symfony\Component\Console\Application->doRun()
#11 /home/risheebhatt/Sites/gambit/vendor/laravel/framework/src/Illuminate/Foundation/Console/Kernel.php(94): Symfony\Component\Console\Application->run()
#12 /home/risheebhatt/Sites/gambit/artisan(36): Illuminate\Foundation\Console\Kernel->handle()
#13 /home/risheebhatt/Sites/gambit/artisan(0): {main}()
#14 {main}  
[2015-04-21 13:59:48] local.ERROR: exception 'Symfony\Component\Debug\Exception\FatalErrorException' with message 'Class 'Memcached' not found' in /home/risheebhatt/Sites/gambit/vendor/laravel/framework/src/Illuminate/Cache/MemcachedConnector.php:52
Stack trace:
#0 /home/risheebhatt/Sites/gambit/vendor/compiled.php(1743): Symfony\Component\Debug\Exception\FatalErrorException->__construct()
#1 /home/risheebhatt/Sites/gambit/vendor/compiled.php(1738): Illuminate\Foundation\Bootstrap\HandleExceptions->fatalExceptionFromError()
#2 /home/risheebhatt/Sites/gambit/vendor/compiled.php(0): Illuminate\Foundation\Bootstrap\HandleExceptions->handleShutdown()
#3 /home/risheebhatt/Sites/gambit/vendor/laravel/framework/src/Illuminate/Cache/MemcachedConnector.php(18): Illuminate\Cache\MemcachedConnector->getMemcached()
#4 /home/risheebhatt/Sites/gambit/vendor/laravel/framework/src/Illuminate/Cache/CacheManager.php(157): Illuminate\Cache\MemcachedConnector->connect()
#5 /home/risheebhatt/Sites/gambit/vendor/laravel/framework/src/Illuminate/Cache/CacheManager.php(98): Illuminate\Cache\CacheManager->createMemcachedDriver()
#6 /home/risheebhatt/Sites/gambit/vendor/laravel/framework/src/Illuminate/Cache/CacheManager.php(74): Illuminate\Cache\CacheManager->resolve()
#7 /home/risheebhatt/Sites/gambit/vendor/laravel/framework/src/Illuminate/Cache/CacheManager.php(52): Illuminate\Cache\CacheManager->get()
#8 /home/risheebhatt/Sites/gambit/vendor/laravel/framework/src/Illuminate/Cache/CacheManager.php(63): Illuminate\Cache\CacheManager->store()
#9 /home/risheebhatt/Sites/gambit/vendor/compiled.php(11217): Illuminate\Cache\CacheManager->driver()
#10 /home/risheebhatt/Sites/gambit/vendor/compiled.php(11212): Illuminate\Session\SessionManager->createCacheHandler()
#11 /home/risheebhatt/Sites/gambit/vendor/compiled.php(11198): Illuminate\Session\SessionManager->createCacheBased()
#12 /home/risheebhatt/Sites/gambit/vendor/compiled.php(11268): Illuminate\Session\SessionManager->createMemcachedDriver()
#13 /home/risheebhatt/Sites/gambit/vendor/compiled.php(11258): Illuminate\Support\Manager->createDriver()
#14 /home/risheebhatt/Sites/gambit/vendor/compiled.php(10807): Illuminate\Support\Manager->driver()
#15 /home/risheebhatt/Sites/gambit/vendor/compiled.php(10801): Illuminate\Session\Middleware\StartSession->getSession()
#16 /home/risheebhatt/Sites/gambit/vendor/compiled.php(10782): Illuminate\Session\Middleware\StartSession->startSession()
#17 /home/risheebhatt/Sites/gambit/vendor/compiled.php(8944): Illuminate\Session\Middleware\StartSession->handle()
#18 /home/risheebhatt/Sites/gambit/vendor/compiled.php(11789): Illuminate\Pipeline\Pipeline->Illuminate\Pipeline\{closure}()
#19 /home/risheebhatt/Sites/gambit/vendor/compiled.php(8944): Illuminate\Cookie\Middleware\AddQueuedCookiesToResponse->handle()
#20 /home/risheebhatt/Sites/gambit/vendor/compiled.php(11738): Illuminate\Pipeline\Pipeline->Illuminate\Pipeline\{closure}()
#21 /home/risheebhatt/Sites/gambit/vendor/compiled.php(8944): Illuminate\Cookie\Middleware\EncryptCookies->handle()
#22 /home/risheebhatt/Sites/gambit/vendor/compiled.php(2478): Illuminate\Pipeline\Pipeline->Illuminate\Pipeline\{closure}()
#23 /home/risheebhatt/Sites/gambit/vendor/compiled.php(8944): Illuminate\Foundation\Http\Middleware\CheckForMaintenanceMode->handle()
#24 /home/risheebhatt/Sites/gambit/vendor/compiled.php(8935): Illuminate\Pipeline\Pipeline->Illuminate\Pipeline\{closure}()
#25 /home/risheebhatt/Sites/gambit/vendor/compiled.php(8935): call_user_func:{/home/risheebhatt/Sites/gambit/vendor/compiled.php:8935}()
#26 /home/risheebhatt/Sites/gambit/vendor/compiled.php(1891): Illuminate\Pipeline\Pipeline->then()
#27 /home/risheebhatt/Sites/gambit/vendor/compiled.php(1880): Illuminate\Foundation\Http\Kernel->sendRequestThroughRouter()
#28 /home/risheebhatt/Sites/gambit/public/index.php(53): Illuminate\Foundation\Http\Kernel->handle()
#29 /home/risheebhatt/Sites/gambit/public/index.php(0): {main}()
#30 {main}  
[2015-04-21 14:01:19] local.ERROR: exception 'Symfony\Component\Debug\Exception\FatalErrorException' with message 'Class 'Memcached' not found' in /home/risheebhatt/Sites/gambit/vendor/laravel/framework/src/Illuminate/Cache/MemcachedConnector.php:52
Stack trace:
#0 /home/risheebhatt/Sites/gambit/vendor/compiled.php(1743): Symfony\Component\Debug\Exception\FatalErrorException->__construct()
#1 /home/risheebhatt/Sites/gambit/vendor/compiled.php(1738): Illuminate\Foundation\Bootstrap\HandleExceptions->fatalExceptionFromError()
#2 /home/risheebhatt/Sites/gambit/vendor/compiled.php(0): Illuminate\Foundation\Bootstrap\HandleExceptions->handleShutdown()
#3 /home/risheebhatt/Sites/gambit/vendor/laravel/framework/src/Illuminate/Cache/MemcachedConnector.php(18): Illuminate\Cache\MemcachedConnector->getMemcached()
#4 /home/risheebhatt/Sites/gambit/vendor/laravel/framework/src/Illuminate/Cache/CacheManager.php(157): Illuminate\Cache\MemcachedConnector->connect()
#5 /home/risheebhatt/Sites/gambit/vendor/laravel/framework/src/Illuminate/Cache/CacheManager.php(98): Illuminate\Cache\CacheManager->createMemcachedDriver()
#6 /home/risheebhatt/Sites/gambit/vendor/laravel/framework/src/Illuminate/Cache/CacheManager.php(74): Illuminate\Cache\CacheManager->resolve()
#7 /home/risheebhatt/Sites/gambit/vendor/laravel/framework/src/Illuminate/Cache/CacheManager.php(52): Illuminate\Cache\CacheManager->get()
#8 /home/risheebhatt/Sites/gambit/vendor/laravel/framework/src/Illuminate/Cache/CacheManager.php(63): Illuminate\Cache\CacheManager->store()
#9 /home/risheebhatt/Sites/gambit/vendor/compiled.php(11217): Illuminate\Cache\CacheManager->driver()
#10 /home/risheebhatt/Sites/gambit/vendor/compiled.php(11212): Illuminate\Session\SessionManager->createCacheHandler()
#11 /home/risheebhatt/Sites/gambit/vendor/compiled.php(11198): Illuminate\Session\SessionManager->createCacheBased()
#12 /home/risheebhatt/Sites/gambit/vendor/compiled.php(11268): Illuminate\Session\SessionManager->createMemcachedDriver()
#13 /home/risheebhatt/Sites/gambit/vendor/compiled.php(11258): Illuminate\Support\Manager->createDriver()
#14 /home/risheebhatt/Sites/gambit/vendor/compiled.php(10807): Illuminate\Support\Manager->driver()
#15 /home/risheebhatt/Sites/gambit/vendor/compiled.php(10801): Illuminate\Session\Middleware\StartSession->getSession()
#16 /home/risheebhatt/Sites/gambit/vendor/compiled.php(10782): Illuminate\Session\Middleware\StartSession->startSession()
#17 /home/risheebhatt/Sites/gambit/vendor/compiled.php(8944): Illuminate\Session\Middleware\StartSession->handle()
#18 /home/risheebhatt/Sites/gambit/vendor/compiled.php(11789): Illuminate\Pipeline\Pipeline->Illuminate\Pipeline\{closure}()
#19 /home/risheebhatt/Sites/gambit/vendor/compiled.php(8944): Illuminate\Cookie\Middleware\AddQueuedCookiesToResponse->handle()
#20 /home/risheebhatt/Sites/gambit/vendor/compiled.php(11738): Illuminate\Pipeline\Pipeline->Illuminate\Pipeline\{closure}()
#21 /home/risheebhatt/Sites/gambit/vendor/compiled.php(8944): Illuminate\Cookie\Middleware\EncryptCookies->handle()
#22 /home/risheebhatt/Sites/gambit/vendor/compiled.php(2478): Illuminate\Pipeline\Pipeline->Illuminate\Pipeline\{closure}()
#23 /home/risheebhatt/Sites/gambit/vendor/compiled.php(8944): Illuminate\Foundation\Http\Middleware\CheckForMaintenanceMode->handle()
#24 /home/risheebhatt/Sites/gambit/vendor/compiled.php(8935): Illuminate\Pipeline\Pipeline->Illuminate\Pipeline\{closure}()
#25 /home/risheebhatt/Sites/gambit/vendor/compiled.php(8935): call_user_func:{/home/risheebhatt/Sites/gambit/vendor/compiled.php:8935}()
#26 /home/risheebhatt/Sites/gambit/vendor/compiled.php(1891): Illuminate\Pipeline\Pipeline->then()
#27 /home/risheebhatt/Sites/gambit/vendor/compiled.php(1880): Illuminate\Foundation\Http\Kernel->sendRequestThroughRouter()
#28 /home/risheebhatt/Sites/gambit/public/index.php(53): Illuminate\Foundation\Http\Kernel->handle()
#29 /home/risheebhatt/Sites/gambit/public/index.php(0): {main}()
#30 {main}  
[2015-04-21 14:01:20] local.ERROR: exception 'Symfony\Component\Debug\Exception\FatalErrorException' with message 'Class 'Memcached' not found' in /home/risheebhatt/Sites/gambit/vendor/laravel/framework/src/Illuminate/Cache/MemcachedConnector.php:52
Stack trace:
#0 /home/risheebhatt/Sites/gambit/vendor/compiled.php(1743): Symfony\Component\Debug\Exception\FatalErrorException->__construct()
#1 /home/risheebhatt/Sites/gambit/vendor/compiled.php(1738): Illuminate\Foundation\Bootstrap\HandleExceptions->fatalExceptionFromError()
#2 /home/risheebhatt/Sites/gambit/vendor/compiled.php(0): Illuminate\Foundation\Bootstrap\HandleExceptions->handleShutdown()
#3 /home/risheebhatt/Sites/gambit/vendor/laravel/framework/src/Illuminate/Cache/MemcachedConnector.php(18): Illuminate\Cache\MemcachedConnector->getMemcached()
#4 /home/risheebhatt/Sites/gambit/vendor/laravel/framework/src/Illuminate/Cache/CacheManager.php(157): Illuminate\Cache\MemcachedConnector->connect()
#5 /home/risheebhatt/Sites/gambit/vendor/laravel/framework/src/Illuminate/Cache/CacheManager.php(98): Illuminate\Cache\CacheManager->createMemcachedDriver()
#6 /home/risheebhatt/Sites/gambit/vendor/laravel/framework/src/Illuminate/Cache/CacheManager.php(74): Illuminate\Cache\CacheManager->resolve()
#7 /home/risheebhatt/Sites/gambit/vendor/laravel/framework/src/Illuminate/Cache/CacheManager.php(52): Illuminate\Cache\CacheManager->get()
#8 /home/risheebhatt/Sites/gambit/vendor/laravel/framework/src/Illuminate/Cache/CacheManager.php(63): Illuminate\Cache\CacheManager->store()
#9 /home/risheebhatt/Sites/gambit/vendor/compiled.php(11217): Illuminate\Cache\CacheManager->driver()
#10 /home/risheebhatt/Sites/gambit/vendor/compiled.php(11212): Illuminate\Session\SessionManager->createCacheHandler()
#11 /home/risheebhatt/Sites/gambit/vendor/compiled.php(11198): Illuminate\Session\SessionManager->createCacheBased()
#12 /home/risheebhatt/Sites/gambit/vendor/compiled.php(11268): Illuminate\Session\SessionManager->createMemcachedDriver()
#13 /home/risheebhatt/Sites/gambit/vendor/compiled.php(11258): Illuminate\Support\Manager->createDriver()
#14 /home/risheebhatt/Sites/gambit/vendor/compiled.php(10807): Illuminate\Support\Manager->driver()
#15 /home/risheebhatt/Sites/gambit/vendor/compiled.php(10801): Illuminate\Session\Middleware\StartSession->getSession()
#16 /home/risheebhatt/Sites/gambit/vendor/compiled.php(10782): Illuminate\Session\Middleware\StartSession->startSession()
#17 /home/risheebhatt/Sites/gambit/vendor/compiled.php(8944): Illuminate\Session\Middleware\StartSession->handle()
#18 /home/risheebhatt/Sites/gambit/vendor/compiled.php(11789): Illuminate\Pipeline\Pipeline->Illuminate\Pipeline\{closure}()
#19 /home/risheebhatt/Sites/gambit/vendor/compiled.php(8944): Illuminate\Cookie\Middleware\AddQueuedCookiesToResponse->handle()
#20 /home/risheebhatt/Sites/gambit/vendor/compiled.php(11738): Illuminate\Pipeline\Pipeline->Illuminate\Pipeline\{closure}()
#21 /home/risheebhatt/Sites/gambit/vendor/compiled.php(8944): Illuminate\Cookie\Middleware\EncryptCookies->handle()
#22 /home/risheebhatt/Sites/gambit/vendor/compiled.php(2478): Illuminate\Pipeline\Pipeline->Illuminate\Pipeline\{closure}()
#23 /home/risheebhatt/Sites/gambit/vendor/compiled.php(8944): Illuminate\Foundation\Http\Middleware\CheckForMaintenanceMode->handle()
#24 /home/risheebhatt/Sites/gambit/vendor/compiled.php(8935): Illuminate\Pipeline\Pipeline->Illuminate\Pipeline\{closure}()
#25 /home/risheebhatt/Sites/gambit/vendor/compiled.php(8935): call_user_func:{/home/risheebhatt/Sites/gambit/vendor/compiled.php:8935}()
#26 /home/risheebhatt/Sites/gambit/vendor/compiled.php(1891): Illuminate\Pipeline\Pipeline->then()
#27 /home/risheebhatt/Sites/gambit/vendor/compiled.php(1880): Illuminate\Foundation\Http\Kernel->sendRequestThroughRouter()
#28 /home/risheebhatt/Sites/gambit/public/index.php(53): Illuminate\Foundation\Http\Kernel->handle()
#29 /home/risheebhatt/Sites/gambit/public/index.php(0): {main}()
#30 {main}  
[2015-04-21 14:01:20] local.ERROR: exception 'Symfony\Component\Debug\Exception\FatalErrorException' with message 'Class 'Memcached' not found' in /home/risheebhatt/Sites/gambit/vendor/laravel/framework/src/Illuminate/Cache/MemcachedConnector.php:52
Stack trace:
#0 /home/risheebhatt/Sites/gambit/vendor/compiled.php(1743): Symfony\Component\Debug\Exception\FatalErrorException->__construct()
#1 /home/risheebhatt/Sites/gambit/vendor/compiled.php(1738): Illuminate\Foundation\Bootstrap\HandleExceptions->fatalExceptionFromError()
#2 /home/risheebhatt/Sites/gambit/vendor/compiled.php(0): Illuminate\Foundation\Bootstrap\HandleExceptions->handleShutdown()
#3 /home/risheebhatt/Sites/gambit/vendor/laravel/framework/src/Illuminate/Cache/MemcachedConnector.php(18): Illuminate\Cache\MemcachedConnector->getMemcached()
#4 /home/risheebhatt/Sites/gambit/vendor/laravel/framework/src/Illuminate/Cache/CacheManager.php(157): Illuminate\Cache\MemcachedConnector->connect()
#5 /home/risheebhatt/Sites/gambit/vendor/laravel/framework/src/Illuminate/Cache/CacheManager.php(98): Illuminate\Cache\CacheManager->createMemcachedDriver()
#6 /home/risheebhatt/Sites/gambit/vendor/laravel/framework/src/Illuminate/Cache/CacheManager.php(74): Illuminate\Cache\CacheManager->resolve()
#7 /home/risheebhatt/Sites/gambit/vendor/laravel/framework/src/Illuminate/Cache/CacheManager.php(52): Illuminate\Cache\CacheManager->get()
#8 /home/risheebhatt/Sites/gambit/vendor/laravel/framework/src/Illuminate/Cache/CacheManager.php(63): Illuminate\Cache\CacheManager->store()
#9 /home/risheebhatt/Sites/gambit/vendor/compiled.php(11217): Illuminate\Cache\CacheManager->driver()
#10 /home/risheebhatt/Sites/gambit/vendor/compiled.php(11212): Illuminate\Session\SessionManager->createCacheHandler()
#11 /home/risheebhatt/Sites/gambit/vendor/compiled.php(11198): Illuminate\Session\SessionManager->createCacheBased()
#12 /home/risheebhatt/Sites/gambit/vendor/compiled.php(11268): Illuminate\Session\SessionManager->createMemcachedDriver()
#13 /home/risheebhatt/Sites/gambit/vendor/compiled.php(11258): Illuminate\Support\Manager->createDriver()
#14 /home/risheebhatt/Sites/gambit/vendor/compiled.php(10807): Illuminate\Support\Manager->driver()
#15 /home/risheebhatt/Sites/gambit/vendor/compiled.php(10801): Illuminate\Session\Middleware\StartSession->getSession()
#16 /home/risheebhatt/Sites/gambit/vendor/compiled.php(10782): Illuminate\Session\Middleware\StartSession->startSession()
#17 /home/risheebhatt/Sites/gambit/vendor/compiled.php(8944): Illuminate\Session\Middleware\StartSession->handle()
#18 /home/risheebhatt/Sites/gambit/vendor/compiled.php(11789): Illuminate\Pipeline\Pipeline->Illuminate\Pipeline\{closure}()
#19 /home/risheebhatt/Sites/gambit/vendor/compiled.php(8944): Illuminate\Cookie\Middleware\AddQueuedCookiesToResponse->handle()
#20 /home/risheebhatt/Sites/gambit/vendor/compiled.php(11738): Illuminate\Pipeline\Pipeline->Illuminate\Pipeline\{closure}()
#21 /home/risheebhatt/Sites/gambit/vendor/compiled.php(8944): Illuminate\Cookie\Middleware\EncryptCookies->handle()
#22 /home/risheebhatt/Sites/gambit/vendor/compiled.php(2478): Illuminate\Pipeline\Pipeline->Illuminate\Pipeline\{closure}()
#23 /home/risheebhatt/Sites/gambit/vendor/compiled.php(8944): Illuminate\Foundation\Http\Middleware\CheckForMaintenanceMode->handle()
#24 /home/risheebhatt/Sites/gambit/vendor/compiled.php(8935): Illuminate\Pipeline\Pipeline->Illuminate\Pipeline\{closure}()
#25 /home/risheebhatt/Sites/gambit/vendor/compiled.php(8935): call_user_func:{/home/risheebhatt/Sites/gambit/vendor/compiled.php:8935}()
#26 /home/risheebhatt/Sites/gambit/vendor/compiled.php(1891): Illuminate\Pipeline\Pipeline->then()
#27 /home/risheebhatt/Sites/gambit/vendor/compiled.php(1880): Illuminate\Foundation\Http\Kernel->sendRequestThroughRouter()
#28 /home/risheebhatt/Sites/gambit/public/index.php(53): Illuminate\Foundation\Http\Kernel->handle()
#29 /home/risheebhatt/Sites/gambit/public/index.php(0): {main}()
#30 {main}  
[2015-04-21 14:01:20] local.ERROR: exception 'Symfony\Component\Debug\Exception\FatalErrorException' with message 'Class 'Memcached' not found' in /home/risheebhatt/Sites/gambit/vendor/laravel/framework/src/Illuminate/Cache/MemcachedConnector.php:52
Stack trace:
#0 /home/risheebhatt/Sites/gambit/vendor/compiled.php(1743): Symfony\Component\Debug\Exception\FatalErrorException->__construct()
#1 /home/risheebhatt/Sites/gambit/vendor/compiled.php(1738): Illuminate\Foundation\Bootstrap\HandleExceptions->fatalExceptionFromError()
#2 /home/risheebhatt/Sites/gambit/vendor/compiled.php(0): Illuminate\Foundation\Bootstrap\HandleExceptions->handleShutdown()
#3 /home/risheebhatt/Sites/gambit/vendor/laravel/framework/src/Illuminate/Cache/MemcachedConnector.php(18): Illuminate\Cache\MemcachedConnector->getMemcached()
#4 /home/risheebhatt/Sites/gambit/vendor/laravel/framework/src/Illuminate/Cache/CacheManager.php(157): Illuminate\Cache\MemcachedConnector->connect()
#5 /home/risheebhatt/Sites/gambit/vendor/laravel/framework/src/Illuminate/Cache/CacheManager.php(98): Illuminate\Cache\CacheManager->createMemcachedDriver()
#6 /home/risheebhatt/Sites/gambit/vendor/laravel/framework/src/Illuminate/Cache/CacheManager.php(74): Illuminate\Cache\CacheManager->resolve()
#7 /home/risheebhatt/Sites/gambit/vendor/laravel/framework/src/Illuminate/Cache/CacheManager.php(52): Illuminate\Cache\CacheManager->get()
#8 /home/risheebhatt/Sites/gambit/vendor/laravel/framework/src/Illuminate/Cache/CacheManager.php(63): Illuminate\Cache\CacheManager->store()
#9 /home/risheebhatt/Sites/gambit/vendor/compiled.php(11217): Illuminate\Cache\CacheManager->driver()
#10 /home/risheebhatt/Sites/gambit/vendor/compiled.php(11212): Illuminate\Session\SessionManager->createCacheHandler()
#11 /home/risheebhatt/Sites/gambit/vendor/compiled.php(11198): Illuminate\Session\SessionManager->createCacheBased()
#12 /home/risheebhatt/Sites/gambit/vendor/compiled.php(11268): Illuminate\Session\SessionManager->createMemcachedDriver()
#13 /home/risheebhatt/Sites/gambit/vendor/compiled.php(11258): Illuminate\Support\Manager->createDriver()
#14 /home/risheebhatt/Sites/gambit/vendor/compiled.php(10807): Illuminate\Support\Manager->driver()
#15 /home/risheebhatt/Sites/gambit/vendor/compiled.php(10801): Illuminate\Session\Middleware\StartSession->getSession()
#16 /home/risheebhatt/Sites/gambit/vendor/compiled.php(10782): Illuminate\Session\Middleware\StartSession->startSession()
#17 /home/risheebhatt/Sites/gambit/vendor/compiled.php(8944): Illuminate\Session\Middleware\StartSession->handle()
#18 /home/risheebhatt/Sites/gambit/vendor/compiled.php(11789): Illuminate\Pipeline\Pipeline->Illuminate\Pipeline\{closure}()
#19 /home/risheebhatt/Sites/gambit/vendor/compiled.php(8944): Illuminate\Cookie\Middleware\AddQueuedCookiesToResponse->handle()
#20 /home/risheebhatt/Sites/gambit/vendor/compiled.php(11738): Illuminate\Pipeline\Pipeline->Illuminate\Pipeline\{closure}()
#21 /home/risheebhatt/Sites/gambit/vendor/compiled.php(8944): Illuminate\Cookie\Middleware\EncryptCookies->handle()
#22 /home/risheebhatt/Sites/gambit/vendor/compiled.php(2478): Illuminate\Pipeline\Pipeline->Illuminate\Pipeline\{closure}()
#23 /home/risheebhatt/Sites/gambit/vendor/compiled.php(8944): Illuminate\Foundation\Http\Middleware\CheckForMaintenanceMode->handle()
#24 /home/risheebhatt/Sites/gambit/vendor/compiled.php(8935): Illuminate\Pipeline\Pipeline->Illuminate\Pipeline\{closure}()
#25 /home/risheebhatt/Sites/gambit/vendor/compiled.php(8935): call_user_func:{/home/risheebhatt/Sites/gambit/vendor/compiled.php:8935}()
#26 /home/risheebhatt/Sites/gambit/vendor/compiled.php(1891): Illuminate\Pipeline\Pipeline->then()
#27 /home/risheebhatt/Sites/gambit/vendor/compiled.php(1880): Illuminate\Foundation\Http\Kernel->sendRequestThroughRouter()
#28 /home/risheebhatt/Sites/gambit/public/index.php(53): Illuminate\Foundation\Http\Kernel->handle()
#29 /home/risheebhatt/Sites/gambit/public/index.php(0): {main}()
#30 {main}  
[2015-04-21 14:01:21] local.ERROR: exception 'Symfony\Component\Debug\Exception\FatalErrorException' with message 'Class 'Memcached' not found' in /home/risheebhatt/Sites/gambit/vendor/laravel/framework/src/Illuminate/Cache/MemcachedConnector.php:52
Stack trace:
#0 /home/risheebhatt/Sites/gambit/vendor/compiled.php(1743): Symfony\Component\Debug\Exception\FatalErrorException->__construct()
#1 /home/risheebhatt/Sites/gambit/vendor/compiled.php(1738): Illuminate\Foundation\Bootstrap\HandleExceptions->fatalExceptionFromError()
#2 /home/risheebhatt/Sites/gambit/vendor/compiled.php(0): Illuminate\Foundation\Bootstrap\HandleExceptions->handleShutdown()
#3 /home/risheebhatt/Sites/gambit/vendor/laravel/framework/src/Illuminate/Cache/MemcachedConnector.php(18): Illuminate\Cache\MemcachedConnector->getMemcached()
#4 /home/risheebhatt/Sites/gambit/vendor/laravel/framework/src/Illuminate/Cache/CacheManager.php(157): Illuminate\Cache\MemcachedConnector->connect()
#5 /home/risheebhatt/Sites/gambit/vendor/laravel/framework/src/Illuminate/Cache/CacheManager.php(98): Illuminate\Cache\CacheManager->createMemcachedDriver()
#6 /home/risheebhatt/Sites/gambit/vendor/laravel/framework/src/Illuminate/Cache/CacheManager.php(74): Illuminate\Cache\CacheManager->resolve()
#7 /home/risheebhatt/Sites/gambit/vendor/laravel/framework/src/Illuminate/Cache/CacheManager.php(52): Illuminate\Cache\CacheManager->get()
#8 /home/risheebhatt/Sites/gambit/vendor/laravel/framework/src/Illuminate/Cache/CacheManager.php(63): Illuminate\Cache\CacheManager->store()
#9 /home/risheebhatt/Sites/gambit/vendor/compiled.php(11217): Illuminate\Cache\CacheManager->driver()
#10 /home/risheebhatt/Sites/gambit/vendor/compiled.php(11212): Illuminate\Session\SessionManager->createCacheHandler()
#11 /home/risheebhatt/Sites/gambit/vendor/compiled.php(11198): Illuminate\Session\SessionManager->createCacheBased()
#12 /home/risheebhatt/Sites/gambit/vendor/compiled.php(11268): Illuminate\Session\SessionManager->createMemcachedDriver()
#13 /home/risheebhatt/Sites/gambit/vendor/compiled.php(11258): Illuminate\Support\Manager->createDriver()
#14 /home/risheebhatt/Sites/gambit/vendor/compiled.php(10807): Illuminate\Support\Manager->driver()
#15 /home/risheebhatt/Sites/gambit/vendor/compiled.php(10801): Illuminate\Session\Middleware\StartSession->getSession()
#16 /home/risheebhatt/Sites/gambit/vendor/compiled.php(10782): Illuminate\Session\Middleware\StartSession->startSession()
#17 /home/risheebhatt/Sites/gambit/vendor/compiled.php(8944): Illuminate\Session\Middleware\StartSession->handle()
#18 /home/risheebhatt/Sites/gambit/vendor/compiled.php(11789): Illuminate\Pipeline\Pipeline->Illuminate\Pipeline\{closure}()
#19 /home/risheebhatt/Sites/gambit/vendor/compiled.php(8944): Illuminate\Cookie\Middleware\AddQueuedCookiesToResponse->handle()
#20 /home/risheebhatt/Sites/gambit/vendor/compiled.php(11738): Illuminate\Pipeline\Pipeline->Illuminate\Pipeline\{closure}()
#21 /home/risheebhatt/Sites/gambit/vendor/compiled.php(8944): Illuminate\Cookie\Middleware\EncryptCookies->handle()
#22 /home/risheebhatt/Sites/gambit/vendor/compiled.php(2478): Illuminate\Pipeline\Pipeline->Illuminate\Pipeline\{closure}()
#23 /home/risheebhatt/Sites/gambit/vendor/compiled.php(8944): Illuminate\Foundation\Http\Middleware\CheckForMaintenanceMode->handle()
#24 /home/risheebhatt/Sites/gambit/vendor/compiled.php(8935): Illuminate\Pipeline\Pipeline->Illuminate\Pipeline\{closure}()
#25 /home/risheebhatt/Sites/gambit/vendor/compiled.php(8935): call_user_func:{/home/risheebhatt/Sites/gambit/vendor/compiled.php:8935}()
#26 /home/risheebhatt/Sites/gambit/vendor/compiled.php(1891): Illuminate\Pipeline\Pipeline->then()
#27 /home/risheebhatt/Sites/gambit/vendor/compiled.php(1880): Illuminate\Foundation\Http\Kernel->sendRequestThroughRouter()
#28 /home/risheebhatt/Sites/gambit/public/index.php(53): Illuminate\Foundation\Http\Kernel->handle()
#29 /home/risheebhatt/Sites/gambit/public/index.php(0): {main}()
#30 {main}  
[2015-04-21 14:01:21] local.ERROR: exception 'Symfony\Component\Debug\Exception\FatalErrorException' with message 'Class 'Memcached' not found' in /home/risheebhatt/Sites/gambit/vendor/laravel/framework/src/Illuminate/Cache/MemcachedConnector.php:52
Stack trace:
#0 /home/risheebhatt/Sites/gambit/vendor/compiled.php(1743): Symfony\Component\Debug\Exception\FatalErrorException->__construct()
#1 /home/risheebhatt/Sites/gambit/vendor/compiled.php(1738): Illuminate\Foundation\Bootstrap\HandleExceptions->fatalExceptionFromError()
#2 /home/risheebhatt/Sites/gambit/vendor/compiled.php(0): Illuminate\Foundation\Bootstrap\HandleExceptions->handleShutdown()
#3 /home/risheebhatt/Sites/gambit/vendor/laravel/framework/src/Illuminate/Cache/MemcachedConnector.php(18): Illuminate\Cache\MemcachedConnector->getMemcached()
#4 /home/risheebhatt/Sites/gambit/vendor/laravel/framework/src/Illuminate/Cache/CacheManager.php(157): Illuminate\Cache\MemcachedConnector->connect()
#5 /home/risheebhatt/Sites/gambit/vendor/laravel/framework/src/Illuminate/Cache/CacheManager.php(98): Illuminate\Cache\CacheManager->createMemcachedDriver()
#6 /home/risheebhatt/Sites/gambit/vendor/laravel/framework/src/Illuminate/Cache/CacheManager.php(74): Illuminate\Cache\CacheManager->resolve()
#7 /home/risheebhatt/Sites/gambit/vendor/laravel/framework/src/Illuminate/Cache/CacheManager.php(52): Illuminate\Cache\CacheManager->get()
#8 /home/risheebhatt/Sites/gambit/vendor/laravel/framework/src/Illuminate/Cache/CacheManager.php(63): Illuminate\Cache\CacheManager->store()
#9 /home/risheebhatt/Sites/gambit/vendor/compiled.php(11217): Illuminate\Cache\CacheManager->driver()
#10 /home/risheebhatt/Sites/gambit/vendor/compiled.php(11212): Illuminate\Session\SessionManager->createCacheHandler()
#11 /home/risheebhatt/Sites/gambit/vendor/compiled.php(11198): Illuminate\Session\SessionManager->createCacheBased()
#12 /home/risheebhatt/Sites/gambit/vendor/compiled.php(11268): Illuminate\Session\SessionManager->createMemcachedDriver()
#13 /home/risheebhatt/Sites/gambit/vendor/compiled.php(11258): Illuminate\Support\Manager->createDriver()
#14 /home/risheebhatt/Sites/gambit/vendor/compiled.php(10807): Illuminate\Support\Manager->driver()
#15 /home/risheebhatt/Sites/gambit/vendor/compiled.php(10801): Illuminate\Session\Middleware\StartSession->getSession()
#16 /home/risheebhatt/Sites/gambit/vendor/compiled.php(10782): Illuminate\Session\Middleware\StartSession->startSession()
#17 /home/risheebhatt/Sites/gambit/vendor/compiled.php(8944): Illuminate\Session\Middleware\StartSession->handle()
#18 /home/risheebhatt/Sites/gambit/vendor/compiled.php(11789): Illuminate\Pipeline\Pipeline->Illuminate\Pipeline\{closure}()
#19 /home/risheebhatt/Sites/gambit/vendor/compiled.php(8944): Illuminate\Cookie\Middleware\AddQueuedCookiesToResponse->handle()
#20 /home/risheebhatt/Sites/gambit/vendor/compiled.php(11738): Illuminate\Pipeline\Pipeline->Illuminate\Pipeline\{closure}()
#21 /home/risheebhatt/Sites/gambit/vendor/compiled.php(8944): Illuminate\Cookie\Middleware\EncryptCookies->handle()
#22 /home/risheebhatt/Sites/gambit/vendor/compiled.php(2478): Illuminate\Pipeline\Pipeline->Illuminate\Pipeline\{closure}()
#23 /home/risheebhatt/Sites/gambit/vendor/compiled.php(8944): Illuminate\Foundation\Http\Middleware\CheckForMaintenanceMode->handle()
#24 /home/risheebhatt/Sites/gambit/vendor/compiled.php(8935): Illuminate\Pipeline\Pipeline->Illuminate\Pipeline\{closure}()
#25 /home/risheebhatt/Sites/gambit/vendor/compiled.php(8935): call_user_func:{/home/risheebhatt/Sites/gambit/vendor/compiled.php:8935}()
#26 /home/risheebhatt/Sites/gambit/vendor/compiled.php(1891): Illuminate\Pipeline\Pipeline->then()
#27 /home/risheebhatt/Sites/gambit/vendor/compiled.php(1880): Illuminate\Foundation\Http\Kernel->sendRequestThroughRouter()
#28 /home/risheebhatt/Sites/gambit/public/index.php(53): Illuminate\Foundation\Http\Kernel->handle()
#29 /home/risheebhatt/Sites/gambit/public/index.php(0): {main}()
#30 {main}  
[2015-04-21 14:01:21] local.ERROR: exception 'Symfony\Component\Debug\Exception\FatalErrorException' with message 'Class 'Memcached' not found' in /home/risheebhatt/Sites/gambit/vendor/laravel/framework/src/Illuminate/Cache/MemcachedConnector.php:52
Stack trace:
#0 /home/risheebhatt/Sites/gambit/vendor/compiled.php(1743): Symfony\Component\Debug\Exception\FatalErrorException->__construct()
#1 /home/risheebhatt/Sites/gambit/vendor/compiled.php(1738): Illuminate\Foundation\Bootstrap\HandleExceptions->fatalExceptionFromError()
#2 /home/risheebhatt/Sites/gambit/vendor/compiled.php(0): Illuminate\Foundation\Bootstrap\HandleExceptions->handleShutdown()
#3 /home/risheebhatt/Sites/gambit/vendor/laravel/framework/src/Illuminate/Cache/MemcachedConnector.php(18): Illuminate\Cache\MemcachedConnector->getMemcached()
#4 /home/risheebhatt/Sites/gambit/vendor/laravel/framework/src/Illuminate/Cache/CacheManager.php(157): Illuminate\Cache\MemcachedConnector->connect()
#5 /home/risheebhatt/Sites/gambit/vendor/laravel/framework/src/Illuminate/Cache/CacheManager.php(98): Illuminate\Cache\CacheManager->createMemcachedDriver()
#6 /home/risheebhatt/Sites/gambit/vendor/laravel/framework/src/Illuminate/Cache/CacheManager.php(74): Illuminate\Cache\CacheManager->resolve()
#7 /home/risheebhatt/Sites/gambit/vendor/laravel/framework/src/Illuminate/Cache/CacheManager.php(52): Illuminate\Cache\CacheManager->get()
#8 /home/risheebhatt/Sites/gambit/vendor/laravel/framework/src/Illuminate/Cache/CacheManager.php(63): Illuminate\Cache\CacheManager->store()
#9 /home/risheebhatt/Sites/gambit/vendor/compiled.php(11217): Illuminate\Cache\CacheManager->driver()
#10 /home/risheebhatt/Sites/gambit/vendor/compiled.php(11212): Illuminate\Session\SessionManager->createCacheHandler()
#11 /home/risheebhatt/Sites/gambit/vendor/compiled.php(11198): Illuminate\Session\SessionManager->createCacheBased()
#12 /home/risheebhatt/Sites/gambit/vendor/compiled.php(11268): Illuminate\Session\SessionManager->createMemcachedDriver()
#13 /home/risheebhatt/Sites/gambit/vendor/compiled.php(11258): Illuminate\Support\Manager->createDriver()
#14 /home/risheebhatt/Sites/gambit/vendor/compiled.php(10807): Illuminate\Support\Manager->driver()
#15 /home/risheebhatt/Sites/gambit/vendor/compiled.php(10801): Illuminate\Session\Middleware\StartSession->getSession()
#16 /home/risheebhatt/Sites/gambit/vendor/compiled.php(10782): Illuminate\Session\Middleware\StartSession->startSession()
#17 /home/risheebhatt/Sites/gambit/vendor/compiled.php(8944): Illuminate\Session\Middleware\StartSession->handle()
#18 /home/risheebhatt/Sites/gambit/vendor/compiled.php(11789): Illuminate\Pipeline\Pipeline->Illuminate\Pipeline\{closure}()
#19 /home/risheebhatt/Sites/gambit/vendor/compiled.php(8944): Illuminate\Cookie\Middleware\AddQueuedCookiesToResponse->handle()
#20 /home/risheebhatt/Sites/gambit/vendor/compiled.php(11738): Illuminate\Pipeline\Pipeline->Illuminate\Pipeline\{closure}()
#21 /home/risheebhatt/Sites/gambit/vendor/compiled.php(8944): Illuminate\Cookie\Middleware\EncryptCookies->handle()
#22 /home/risheebhatt/Sites/gambit/vendor/compiled.php(2478): Illuminate\Pipeline\Pipeline->Illuminate\Pipeline\{closure}()
#23 /home/risheebhatt/Sites/gambit/vendor/compiled.php(8944): Illuminate\Foundation\Http\Middleware\CheckForMaintenanceMode->handle()
#24 /home/risheebhatt/Sites/gambit/vendor/compiled.php(8935): Illuminate\Pipeline\Pipeline->Illuminate\Pipeline\{closure}()
#25 /home/risheebhatt/Sites/gambit/vendor/compiled.php(8935): call_user_func:{/home/risheebhatt/Sites/gambit/vendor/compiled.php:8935}()
#26 /home/risheebhatt/Sites/gambit/vendor/compiled.php(1891): Illuminate\Pipeline\Pipeline->then()
#27 /home/risheebhatt/Sites/gambit/vendor/compiled.php(1880): Illuminate\Foundation\Http\Kernel->sendRequestThroughRouter()
#28 /home/risheebhatt/Sites/gambit/public/index.php(53): Illuminate\Foundation\Http\Kernel->handle()
#29 /home/risheebhatt/Sites/gambit/public/index.php(0): {main}()
#30 {main}  
[2015-04-21 14:01:21] local.ERROR: exception 'Symfony\Component\Debug\Exception\FatalErrorException' with message 'Class 'Memcached' not found' in /home/risheebhatt/Sites/gambit/vendor/laravel/framework/src/Illuminate/Cache/MemcachedConnector.php:52
Stack trace:
#0 /home/risheebhatt/Sites/gambit/vendor/compiled.php(1743): Symfony\Component\Debug\Exception\FatalErrorException->__construct()
#1 /home/risheebhatt/Sites/gambit/vendor/compiled.php(1738): Illuminate\Foundation\Bootstrap\HandleExceptions->fatalExceptionFromError()
#2 /home/risheebhatt/Sites/gambit/vendor/compiled.php(0): Illuminate\Foundation\Bootstrap\HandleExceptions->handleShutdown()
#3 /home/risheebhatt/Sites/gambit/vendor/laravel/framework/src/Illuminate/Cache/MemcachedConnector.php(18): Illuminate\Cache\MemcachedConnector->getMemcached()
#4 /home/risheebhatt/Sites/gambit/vendor/laravel/framework/src/Illuminate/Cache/CacheManager.php(157): Illuminate\Cache\MemcachedConnector->connect()
#5 /home/risheebhatt/Sites/gambit/vendor/laravel/framework/src/Illuminate/Cache/CacheManager.php(98): Illuminate\Cache\CacheManager->createMemcachedDriver()
#6 /home/risheebhatt/Sites/gambit/vendor/laravel/framework/src/Illuminate/Cache/CacheManager.php(74): Illuminate\Cache\CacheManager->resolve()
#7 /home/risheebhatt/Sites/gambit/vendor/laravel/framework/src/Illuminate/Cache/CacheManager.php(52): Illuminate\Cache\CacheManager->get()
#8 /home/risheebhatt/Sites/gambit/vendor/laravel/framework/src/Illuminate/Cache/CacheManager.php(63): Illuminate\Cache\CacheManager->store()
#9 /home/risheebhatt/Sites/gambit/vendor/compiled.php(11217): Illuminate\Cache\CacheManager->driver()
#10 /home/risheebhatt/Sites/gambit/vendor/compiled.php(11212): Illuminate\Session\SessionManager->createCacheHandler()
#11 /home/risheebhatt/Sites/gambit/vendor/compiled.php(11198): Illuminate\Session\SessionManager->createCacheBased()
#12 /home/risheebhatt/Sites/gambit/vendor/compiled.php(11268): Illuminate\Session\SessionManager->createMemcachedDriver()
#13 /home/risheebhatt/Sites/gambit/vendor/compiled.php(11258): Illuminate\Support\Manager->createDriver()
#14 /home/risheebhatt/Sites/gambit/vendor/compiled.php(10807): Illuminate\Support\Manager->driver()
#15 /home/risheebhatt/Sites/gambit/vendor/compiled.php(10801): Illuminate\Session\Middleware\StartSession->getSession()
#16 /home/risheebhatt/Sites/gambit/vendor/compiled.php(10782): Illuminate\Session\Middleware\StartSession->startSession()
#17 /home/risheebhatt/Sites/gambit/vendor/compiled.php(8944): Illuminate\Session\Middleware\StartSession->handle()
#18 /home/risheebhatt/Sites/gambit/vendor/compiled.php(11789): Illuminate\Pipeline\Pipeline->Illuminate\Pipeline\{closure}()
#19 /home/risheebhatt/Sites/gambit/vendor/compiled.php(8944): Illuminate\Cookie\Middleware\AddQueuedCookiesToResponse->handle()
#20 /home/risheebhatt/Sites/gambit/vendor/compiled.php(11738): Illuminate\Pipeline\Pipeline->Illuminate\Pipeline\{closure}()
#21 /home/risheebhatt/Sites/gambit/vendor/compiled.php(8944): Illuminate\Cookie\Middleware\EncryptCookies->handle()
#22 /home/risheebhatt/Sites/gambit/vendor/compiled.php(2478): Illuminate\Pipeline\Pipeline->Illuminate\Pipeline\{closure}()
#23 /home/risheebhatt/Sites/gambit/vendor/compiled.php(8944): Illuminate\Foundation\Http\Middleware\CheckForMaintenanceMode->handle()
#24 /home/risheebhatt/Sites/gambit/vendor/compiled.php(8935): Illuminate\Pipeline\Pipeline->Illuminate\Pipeline\{closure}()
#25 /home/risheebhatt/Sites/gambit/vendor/compiled.php(8935): call_user_func:{/home/risheebhatt/Sites/gambit/vendor/compiled.php:8935}()
#26 /home/risheebhatt/Sites/gambit/vendor/compiled.php(1891): Illuminate\Pipeline\Pipeline->then()
#27 /home/risheebhatt/Sites/gambit/vendor/compiled.php(1880): Illuminate\Foundation\Http\Kernel->sendRequestThroughRouter()
#28 /home/risheebhatt/Sites/gambit/public/index.php(53): Illuminate\Foundation\Http\Kernel->handle()
#29 /home/risheebhatt/Sites/gambit/public/index.php(0): {main}()
#30 {main}  
[2015-04-21 18:05:11] local.ERROR: exception 'Symfony\Component\Debug\Exception\FatalErrorException' with message 'Call to undefined method Illuminate\Foundation\Application::getCachedCompilePath()' in /home/risheebhatt/Sites/trunk/vendor/laravel/framework/src/Illuminate/Foundation/Console/ClearCompiledCommand.php:28
Stack trace:
#0 /home/risheebhatt/Sites/trunk/vendor/compiled.php(1743): Symfony\Component\Debug\Exception\FatalErrorException->__construct()
#1 /home/risheebhatt/Sites/trunk/vendor/compiled.php(1738): Illuminate\Foundation\Bootstrap\HandleExceptions->fatalExceptionFromError()
#2 /home/risheebhatt/Sites/trunk/vendor/compiled.php(0): Illuminate\Foundation\Bootstrap\HandleExceptions->handleShutdown()
#3 /home/risheebhatt/Sites/trunk/vendor/compiled.php(925): Illuminate\Foundation\Console\ClearCompiledCommand->fire()
#4 /home/risheebhatt/Sites/trunk/vendor/compiled.php(925): call_user_func_array:{/home/risheebhatt/Sites/trunk/vendor/compiled.php:925}()
#5 /home/risheebhatt/Sites/trunk/vendor/laravel/framework/src/Illuminate/Console/Command.php(115): Illuminate\Container\Container->call()
#6 /home/risheebhatt/Sites/trunk/vendor/symfony/console/Symfony/Component/Console/Command/Command.php(257): Illuminate\Console\Command->execute()
#7 /home/risheebhatt/Sites/trunk/vendor/laravel/framework/src/Illuminate/Console/Command.php(101): Symfony\Component\Console\Command\Command->run()
#8 /home/risheebhatt/Sites/trunk/vendor/symfony/console/Symfony/Component/Console/Application.php(874): Illuminate\Console\Command->run()
#9 /home/risheebhatt/Sites/trunk/vendor/symfony/console/Symfony/Component/Console/Application.php(195): Symfony\Component\Console\Application->doRunCommand()
#10 /home/risheebhatt/Sites/trunk/vendor/symfony/console/Symfony/Component/Console/Application.php(126): Symfony\Component\Console\Application->doRun()
#11 /home/risheebhatt/Sites/trunk/vendor/laravel/framework/src/Illuminate/Foundation/Console/Kernel.php(94): Symfony\Component\Console\Application->run()
#12 /home/risheebhatt/Sites/trunk/artisan(36): Illuminate\Foundation\Console\Kernel->handle()
#13 /home/risheebhatt/Sites/trunk/artisan(0): {main}()
#14 {main}  
[2015-04-21 18:06:33] local.ERROR: exception 'Symfony\Component\Debug\Exception\FatalErrorException' with message 'Call to undefined method Illuminate\Foundation\Application::getCachedCompilePath()' in /home/risheebhatt/Sites/trunk/vendor/laravel/framework/src/Illuminate/Foundation/Console/ClearCompiledCommand.php:28
Stack trace:
#0 /home/risheebhatt/Sites/trunk/vendor/compiled.php(1743): Symfony\Component\Debug\Exception\FatalErrorException->__construct()
#1 /home/risheebhatt/Sites/trunk/vendor/compiled.php(1738): Illuminate\Foundation\Bootstrap\HandleExceptions->fatalExceptionFromError()
#2 /home/risheebhatt/Sites/trunk/vendor/compiled.php(0): Illuminate\Foundation\Bootstrap\HandleExceptions->handleShutdown()
#3 /home/risheebhatt/Sites/trunk/vendor/compiled.php(925): Illuminate\Foundation\Console\ClearCompiledCommand->fire()
#4 /home/risheebhatt/Sites/trunk/vendor/compiled.php(925): call_user_func_array:{/home/risheebhatt/Sites/trunk/vendor/compiled.php:925}()
#5 /home/risheebhatt/Sites/trunk/vendor/laravel/framework/src/Illuminate/Console/Command.php(115): Illuminate\Container\Container->call()
#6 /home/risheebhatt/Sites/trunk/vendor/symfony/console/Symfony/Component/Console/Command/Command.php(257): Illuminate\Console\Command->execute()
#7 /home/risheebhatt/Sites/trunk/vendor/laravel/framework/src/Illuminate/Console/Command.php(101): Symfony\Component\Console\Command\Command->run()
#8 /home/risheebhatt/Sites/trunk/vendor/symfony/console/Symfony/Component/Console/Application.php(874): Illuminate\Console\Command->run()
#9 /home/risheebhatt/Sites/trunk/vendor/symfony/console/Symfony/Component/Console/Application.php(195): Symfony\Component\Console\Application->doRunCommand()
#10 /home/risheebhatt/Sites/trunk/vendor/symfony/console/Symfony/Component/Console/Application.php(126): Symfony\Component\Console\Application->doRun()
#11 /home/risheebhatt/Sites/trunk/vendor/laravel/framework/src/Illuminate/Foundation/Console/Kernel.php(94): Symfony\Component\Console\Application->run()
#12 /home/risheebhatt/Sites/trunk/artisan(36): Illuminate\Foundation\Console\Kernel->handle()
#13 /home/risheebhatt/Sites/trunk/artisan(0): {main}()
#14 {main}  
